This file contains any messages produced by compilers while
running configure, to aid debugging if configure makes a mistake.

It was created by libedit configure 3.0, which was
generated by GNU Autoconf 2.63.  Invocation command line was

  $ ./configure --prefix=/build --libdir=/build/lib64 --disable-shared

## --------- ##
## Platform. ##
## --------- ##

hostname = pvaio
uname -m = x86_64
uname -r = 2.6.32
uname -s = Linux
uname -v = #2 SMP Sat May 28 13:59:37 CEST 2011

/usr/bin/uname -p = unknown
/bin/uname -X     = unknown

/bin/arch              = x86_64
/usr/bin/arch -k       = unknown
/usr/convex/getsysinfo = unknown
/usr/bin/hostinfo      = unknown
/bin/machine           = unknown
/usr/bin/oslevel       = unknown
/bin/universe          = unknown

PATH: /opt/intel/composerxe-2011.1.107/bin/intel64
PATH: /opt/intel/composerxe-2011.1.107/mpirt/bin/intel64
PATH: /usr/lib64/mpich2/bin
PATH: /usr/kerberos/bin
PATH: /usr/local/bin
PATH: /usr/java/latest/bin
PATH: /usr/bin
PATH: /bin
PATH: /usr/X11R6/bin
PATH: /software/moe/bin
PATH: /software/amber10/bin
PATH: /software/sed
PATH: /software/bin
PATH: /software/TURBOMOLE/bin/em64t-unknown-linux-gnu
PATH: /software/TURBOMOLE/scripts


## ----------- ##
## Core tests. ##
## ----------- ##

configure:1965: checking for gcc
configure:1981: found /usr/bin/gcc
configure:1992: result: gcc
configure:2224: checking for C compiler version
configure:2232: gcc --version >&5
gcc (GCC) 4.4.4 20100726 (Red Hat 4.4.4-13)
Copyright (C) 2010 Free Software Foundation, Inc.
This is free software; see the source for copying conditions.  There is NO
warranty; not even for MERCHANTABILITY or FITNESS FOR A PARTICULAR PURPOSE.

configure:2236: $? = 0
configure:2243: gcc -v >&5
Using built-in specs.
Target: x86_64-redhat-linux
Configured with: ../configure --prefix=/usr --mandir=/usr/share/man --infodir=/usr/share/info --with-bugurl=http://bugzilla.redhat.com/bugzilla --enable-bootstrap --enable-shared --enable-threads=posix --enable-checking=release --with-system-zlib --enable-__cxa_atexit --disable-libunwind-exceptions --enable-gnu-unique-object --enable-languages=c,c++,objc,obj-c++,java,fortran,ada --enable-java-awt=gtk --disable-dssi --with-java-home=/usr/lib/jvm/java-1.5.0-gcj-1.5.0.0/jre --enable-libgcj-multifile --enable-java-maintainer-mode --with-ecj-jar=/usr/share/java/eclipse-ecj.jar --disable-libjava-multilib --with-ppl --with-cloog --with-tune=generic --with-arch_32=i686 --build=x86_64-redhat-linux
Thread model: posix
gcc version 4.4.4 20100726 (Red Hat 4.4.4-13) (GCC) 
configure:2247: $? = 0
configure:2254: gcc -V >&5
gcc: '-V' option must have argument
configure:2258: $? = 1
configure:2281: checking for C compiler default output file name
configure:2303: gcc    conftest.c  >&5
configure:2307: $? = 0
configure:2345: result: a.out
configure:2364: checking whether the C compiler works
configure:2374: ./a.out
configure:2378: $? = 0
configure:2397: result: yes
configure:2404: checking whether we are cross compiling
configure:2406: result: no
configure:2409: checking for suffix of executables
configure:2416: gcc -o conftest    conftest.c  >&5
configure:2420: $? = 0
configure:2446: result: 
configure:2452: checking for suffix of object files
configure:2478: gcc -c   conftest.c >&5
configure:2482: $? = 0
configure:2507: result: o
configure:2511: checking whether we are using the GNU C compiler
configure:2540: gcc -c   conftest.c >&5
configure:2547: $? = 0
configure:2564: result: yes
configure:2573: checking whether gcc accepts -g
configure:2603: gcc -c -g  conftest.c >&5
configure:2610: $? = 0
configure:2711: result: yes
configure:2728: checking for gcc option to accept ISO C89
configure:2802: gcc  -c -g -O2  conftest.c >&5
configure:2809: $? = 0
configure:2832: result: none needed
configure:2856: checking how to run the C preprocessor
configure:2896: gcc -E  conftest.c
configure:2903: $? = 0
configure:2934: gcc -E  conftest.c
conftest.c:8:28: error: ac_nonexistent.h: No such file or directory
configure:2941: $? = 1
configure: failed program was:
| /* confdefs.h.  */
| #define PACKAGE_NAME "libedit"
| #define PACKAGE_TARNAME "libedit-20120812"
| #define PACKAGE_VERSION "3.0"
| #define PACKAGE_STRING "libedit 3.0"
| #define PACKAGE_BUGREPORT ""
| /* end confdefs.h.  */
| #include <ac_nonexistent.h>
configure:2974: result: gcc -E
configure:3003: gcc -E  conftest.c
configure:3010: $? = 0
configure:3041: gcc -E  conftest.c
conftest.c:8:28: error: ac_nonexistent.h: No such file or directory
configure:3048: $? = 1
configure: failed program was:
| /* confdefs.h.  */
| #define PACKAGE_NAME "libedit"
| #define PACKAGE_TARNAME "libedit-20120812"
| #define PACKAGE_VERSION "3.0"
| #define PACKAGE_STRING "libedit 3.0"
| #define PACKAGE_BUGREPORT ""
| /* end confdefs.h.  */
| #include <ac_nonexistent.h>
configure:3088: checking for grep that handles long lines and -e
configure:3148: result: /bin/grep
configure:3153: checking for egrep
configure:3217: result: /bin/grep -E
configure:3222: checking for ANSI C header files
configure:3252: gcc -c -g -O2  conftest.c >&5
configure:3259: $? = 0
configure:3358: gcc -o conftest -g -O2   conftest.c  >&5
configure:3362: $? = 0
configure:3368: ./conftest
configure:3372: $? = 0
configure:3390: result: yes
configure:3414: checking for sys/types.h
configure:3435: gcc -c -g -O2  conftest.c >&5
configure:3442: $? = 0
configure:3459: result: yes
configure:3414: checking for sys/stat.h
configure:3435: gcc -c -g -O2  conftest.c >&5
configure:3442: $? = 0
configure:3459: result: yes
configure:3414: checking for stdlib.h
configure:3435: gcc -c -g -O2  conftest.c >&5
configure:3442: $? = 0
configure:3459: result: yes
configure:3414: checking for string.h
configure:3435: gcc -c -g -O2  conftest.c >&5
configure:3442: $? = 0
configure:3459: result: yes
configure:3414: checking for memory.h
configure:3435: gcc -c -g -O2  conftest.c >&5
configure:3442: $? = 0
configure:3459: result: yes
configure:3414: checking for strings.h
configure:3435: gcc -c -g -O2  conftest.c >&5
configure:3442: $? = 0
configure:3459: result: yes
configure:3414: checking for inttypes.h
configure:3435: gcc -c -g -O2  conftest.c >&5
configure:3442: $? = 0
configure:3459: result: yes
configure:3414: checking for stdint.h
configure:3435: gcc -c -g -O2  conftest.c >&5
configure:3442: $? = 0
configure:3459: result: yes
configure:3414: checking for unistd.h
configure:3435: gcc -c -g -O2  conftest.c >&5
configure:3442: $? = 0
configure:3459: result: yes
configure:3484: checking minix/config.h usability
configure:3501: gcc -c -g -O2  conftest.c >&5
conftest.c:51:26: error: minix/config.h: No such file or directory
configure:3508: $? = 1
configure: failed program was:
| /* confdefs.h.  */
| #define PACKAGE_NAME "libedit"
| #define PACKAGE_TARNAME "libedit-20120812"
| #define PACKAGE_VERSION "3.0"
| #define PACKAGE_STRING "libedit 3.0"
| #define PACKAGE_BUGREPORT ""
| #define STDC_HEADERS 1
| #define HAVE_SYS_TYPES_H 1
| #define HAVE_SYS_STAT_H 1
| #define HAVE_STDLIB_H 1
| #define HAVE_STRING_H 1
| #define HAVE_MEMORY_H 1
| #define HAVE_STRINGS_H 1
| #define HAVE_INTTYPES_H 1
| #define HAVE_STDINT_H 1
| #define HAVE_UNISTD_H 1
| /* end confdefs.h.  */
| #include <stdio.h>
| #ifdef HAVE_SYS_TYPES_H
| # include <sys/types.h>
| #endif
| #ifdef HAVE_SYS_STAT_H
| # include <sys/stat.h>
| #endif
| #ifdef STDC_HEADERS
| # include <stdlib.h>
| # include <stddef.h>
| #else
| # ifdef HAVE_STDLIB_H
| #  include <stdlib.h>
| # endif
| #endif
| #ifdef HAVE_STRING_H
| # if !defined STDC_HEADERS && defined HAVE_MEMORY_H
| #  include <memory.h>
| # endif
| # include <string.h>
| #endif
| #ifdef HAVE_STRINGS_H
| # include <strings.h>
| #endif
| #ifdef HAVE_INTTYPES_H
| # include <inttypes.h>
| #endif
| #ifdef HAVE_STDINT_H
| # include <stdint.h>
| #endif
| #ifdef HAVE_UNISTD_H
| # include <unistd.h>
| #endif
| #include <minix/config.h>
configure:3522: result: no
configure:3526: checking minix/config.h presence
configure:3541: gcc -E  conftest.c
conftest.c:18:26: error: minix/config.h: No such file or directory
configure:3548: $? = 1
configure: failed program was:
| /* confdefs.h.  */
| #define PACKAGE_NAME "libedit"
| #define PACKAGE_TARNAME "libedit-20120812"
| #define PACKAGE_VERSION "3.0"
| #define PACKAGE_STRING "libedit 3.0"
| #define PACKAGE_BUGREPORT ""
| #define STDC_HEADERS 1
| #define HAVE_SYS_TYPES_H 1
| #define HAVE_SYS_STAT_H 1
| #define HAVE_STDLIB_H 1
| #define HAVE_STRING_H 1
| #define HAVE_MEMORY_H 1
| #define HAVE_STRINGS_H 1
| #define HAVE_INTTYPES_H 1
| #define HAVE_STDINT_H 1
| #define HAVE_UNISTD_H 1
| /* end confdefs.h.  */
| #include <minix/config.h>
configure:3562: result: no
configure:3590: checking for minix/config.h
configure:3597: result: no
configure:3628: checking whether it is safe to define __EXTENSIONS__
configure:3656: gcc -c -g -O2  conftest.c >&5
configure:3663: $? = 0
configure:3678: result: yes
configure:3750: checking for a BSD-compatible install
configure:3818: result: /usr/bin/install -c
configure:3829: checking whether build environment is sane
configure:3894: result: yes
configure:4045: checking for a thread-safe mkdir -p
configure:4084: result: /bin/mkdir -p
configure:4097: checking for gawk
configure:4113: found /usr/bin/gawk
configure:4124: result: gawk
configure:4135: checking whether make sets $(MAKE)
configure:4157: result: yes
configure:4187: checking for style of include used by make
configure:4215: result: GNU
configure:4303: checking dependency style of gcc
configure:4414: result: gcc3
configure:4461: checking build system type
configure:4479: result: x86_64-unknown-linux-gnu
configure:4501: checking host system type
configure:4516: result: x86_64-unknown-linux-gnu
configure:4559: checking how to print strings
configure:4586: result: printf
configure:4607: checking for a sed that does not truncate output
configure:4673: result: /bin/sed
configure:4691: checking for fgrep
configure:4755: result: /bin/grep -F
configure:4790: checking for ld used by gcc
configure:4857: result: /usr/bin/ld
configure:4866: checking if the linker (/usr/bin/ld) is GNU ld
configure:4881: result: yes
configure:4893: checking for BSD- or MS-compatible name lister (nm)
configure:4942: result: /usr/bin/nm -B
configure:5072: checking the name lister (/usr/bin/nm -B) interface
configure:5079: gcc -c -g -O2  conftest.c >&5
configure:5082: /usr/bin/nm -B "conftest.o"
configure:5085: output
0000000000000000 B some_variable
configure:5092: result: BSD nm
configure:5095: checking whether ln -s works
configure:5099: result: yes
configure:5107: checking the maximum length of command line arguments
configure:5237: result: 1966080
configure:5254: checking whether the shell understands some XSI constructs
configure:5264: result: yes
configure:5268: checking whether the shell understands "+="
configure:5274: result: yes
configure:5309: checking how to convert x86_64-unknown-linux-gnu file names to x86_64-unknown-linux-gnu format
configure:5349: result: func_convert_file_noop
configure:5356: checking how to convert x86_64-unknown-linux-gnu file names to toolchain format
configure:5376: result: func_convert_file_noop
configure:5383: checking for /usr/bin/ld option to reload object files
configure:5390: result: -r
configure:5464: checking for objdump
configure:5480: found /usr/bin/objdump
configure:5491: result: objdump
configure:5523: checking how to recognize dependent libraries
configure:5725: result: pass_all
configure:5810: checking for dlltool
configure:5840: result: no
configure:5870: checking how to associate runtime and link libraries
configure:5897: result: printf %s\n
configure:5957: checking for ar
configure:5973: found /usr/bin/ar
configure:5984: result: ar
configure:6021: checking for archiver @FILE support
configure:6048: gcc -c -g -O2  conftest.c >&5
configure:6055: $? = 0
configure:6062: ar cru libconftest.a @conftest.lst >&5
configure:6065: $? = 0
configure:6070: ar cru libconftest.a @conftest.lst >&5
ar: conftest.o: No such file or directory
configure:6073: $? = 1
configure:6091: result: @
configure:6149: checking for strip
configure:6165: found /usr/bin/strip
configure:6176: result: strip
configure:6248: checking for ranlib
configure:6264: found /usr/bin/ranlib
configure:6275: result: ranlib
configure:6377: checking command to parse /usr/bin/nm -B output from gcc object
configure:6497: gcc -c -g -O2  conftest.c >&5
configure:6500: $? = 0
configure:6504: /usr/bin/nm -B conftest.o \| sed -n -e 's/^.*[ ]\([ABCDGIRSTW][ABCDGIRSTW]*\)[ ][ ]*\([_A-Za-z][_A-Za-z0-9]*\)$/\1 \2 \2/p' | sed '/ __gnu_lto/d' \> conftest.nm
configure:6507: $? = 0
configure:6573: gcc -o conftest -g -O2   conftest.c conftstm.o >&5
configure:6576: $? = 0
configure:6614: result: ok
configure:6651: checking for sysroot
configure:6683: result: no
configure:6760: gcc -c -g -O2  conftest.c >&5
configure:6763: $? = 0
configure:6968: checking for mt
configure:6998: result: no
configure:7018: checking if : is a manifest tool
configure:7024: : '-?'
configure:7032: result: no
configure:7702: checking for dlfcn.h
configure:7723: gcc -c -g -O2  conftest.c >&5
configure:7730: $? = 0
configure:7747: result: yes
configure:7955: checking for objdir
configure:7970: result: .libs
configure:8241: checking if gcc supports -fno-rtti -fno-exceptions
configure:8259: gcc -c -g -O2  -fno-rtti -fno-exceptions conftest.c >&5
cc1: warning: command line option "-fno-rtti" is valid for C++/ObjC++ but not for C
configure:8263: $? = 0
configure:8276: result: no
configure:8603: checking for gcc option to produce PIC
configure:8610: result: -fPIC -DPIC
configure:8618: checking if gcc PIC flag -fPIC -DPIC works
configure:8636: gcc -c -g -O2  -fPIC -DPIC -DPIC conftest.c >&5
configure:8640: $? = 0
configure:8653: result: yes
configure:8682: checking if gcc static flag -static works
configure:8710: result: yes
configure:8725: checking if gcc supports -c -o file.o
configure:8746: gcc -c -g -O2  -o out/conftest2.o conftest.c >&5
configure:8750: $? = 0
configure:8772: result: yes
configure:8780: checking if gcc supports -c -o file.o
configure:8827: result: yes
configure:8860: checking whether the gcc linker (/usr/bin/ld -m elf_x86_64) supports shared libraries
configure:10104: result: yes
configure:10344: checking dynamic linker characteristics
configure:10865: gcc -o conftest -g -O2   -Wl,-rpath -Wl,/foo conftest.c  >&5
configure:10872: $? = 0
configure:11109: result: GNU/Linux ld.so
configure:11216: checking how to hardcode library paths into programs
configure:11241: result: immediate
configure:12094: checking whether stripping libraries is possible
configure:12099: result: yes
configure:12134: checking if libtool supports shared libraries
configure:12136: result: yes
configure:12139: checking whether to build shared libraries
configure:12160: result: no
configure:12163: checking whether to build static libraries
configure:12167: result: yes
configure:12220: checking whether make supports nested variables
configure:12237: result: yes
configure:12250: checking for gcc option to accept ISO C99
configure:12409: gcc  -c -g -O2  conftest.c >&5
conftest.c:77: error: expected ';', ',' or ')' before 'text'
conftest.c: In function 'main':
conftest.c:131: error: expected '=', ',', ';', 'asm' or '__attribute__' before 'newvar'
conftest.c:131: error: 'newvar' undeclared (first use in this function)
conftest.c:131: error: (Each undeclared identifier is reported only once
conftest.c:131: error: for each function it appears in.)
conftest.c:141: error: 'for' loop initial declarations are only allowed in C99 mode
conftest.c:141: note: use option -std=c99 or -std=gnu99 to compile your code
configure:12416: $? = 1
configure: failed program was:
| /* confdefs.h.  */
| #define PACKAGE_NAME "libedit"
| #define PACKAGE_TARNAME "libedit-20120812"
| #define PACKAGE_VERSION "3.0"
| #define PACKAGE_STRING "libedit 3.0"
| #define PACKAGE_BUGREPORT ""
| #define STDC_HEADERS 1
| #define HAVE_SYS_TYPES_H 1
| #define HAVE_SYS_STAT_H 1
| #define HAVE_STDLIB_H 1
| #define HAVE_STRING_H 1
| #define HAVE_MEMORY_H 1
| #define HAVE_STRINGS_H 1
| #define HAVE_INTTYPES_H 1
| #define HAVE_STDINT_H 1
| #define HAVE_UNISTD_H 1
| #define __EXTENSIONS__ 1
| #define _ALL_SOURCE 1
| #define _GNU_SOURCE 1
| #define _POSIX_PTHREAD_SEMANTICS 1
| #define _TANDEM_SOURCE 1
| #define PACKAGE "libedit-20120812"
| #define VERSION "3.0"
| #define HAVE_DLFCN_H 1
| #define LT_OBJDIR ".libs/"
| /* end confdefs.h.  */
| #include <stdarg.h>
| #include <stdbool.h>
| #include <stdlib.h>
| #include <wchar.h>
| #include <stdio.h>
| 
| // Check varargs macros.  These examples are taken from C99 6.10.3.5.
| #define debug(...) fprintf (stderr, __VA_ARGS__)
| #define showlist(...) puts (#__VA_ARGS__)
| #define report(test,...) ((test) ? puts (#test) : printf (__VA_ARGS__))
| static void
| test_varargs_macros (void)
| {
|   int x = 1234;
|   int y = 5678;
|   debug ("Flag");
|   debug ("X = %d\n", x);
|   showlist (The first, second, and third items.);
|   report (x>y, "x is %d but y is %d", x, y);
| }
| 
| // Check long long types.
| #define BIG64 18446744073709551615ull
| #define BIG32 4294967295ul
| #define BIG_OK (BIG64 / BIG32 == 4294967297ull && BIG64 % BIG32 == 0)
| #if !BIG_OK
|   your preprocessor is broken;
| #endif
| #if BIG_OK
| #else
|   your preprocessor is broken;
| #endif
| static long long int bignum = -9223372036854775807LL;
| static unsigned long long int ubignum = BIG64;
| 
| struct incomplete_array
| {
|   int datasize;
|   double data[];
| };
| 
| struct named_init {
|   int number;
|   const wchar_t *name;
|   double average;
| };
| 
| typedef const char *ccp;
| 
| static inline int
| test_restrict (ccp restrict text)
| {
|   // See if C++-style comments work.
|   // Iterate through items via the restricted pointer.
|   // Also check for declarations in for loops.
|   for (unsigned int i = 0; *(text+i) != '\0'; ++i)
|     continue;
|   return 0;
| }
| 
| // Check varargs and va_copy.
| static void
| test_varargs (const char *format, ...)
| {
|   va_list args;
|   va_start (args, format);
|   va_list args_copy;
|   va_copy (args_copy, args);
| 
|   const char *str;
|   int number;
|   float fnumber;
| 
|   while (*format)
|     {
|       switch (*format++)
| 	{
| 	case 's': // string
| 	  str = va_arg (args_copy, const char *);
| 	  break;
| 	case 'd': // int
| 	  number = va_arg (args_copy, int);
| 	  break;
| 	case 'f': // float
| 	  fnumber = va_arg (args_copy, double);
| 	  break;
| 	default:
| 	  break;
| 	}
|     }
|   va_end (args_copy);
|   va_end (args);
| }
| 
| int
| main ()
| {
| 
|   // Check bool.
|   _Bool success = false;
| 
|   // Check restrict.
|   if (test_restrict ("String literal") == 0)
|     success = true;
|   char *restrict newvar = "Another string";
| 
|   // Check varargs.
|   test_varargs ("s, d' f .", "string", 65, 34.234);
|   test_varargs_macros ();
| 
|   // Check flexible array members.
|   struct incomplete_array *ia =
|     malloc (sizeof (struct incomplete_array) + (sizeof (double) * 10));
|   ia->datasize = 10;
|   for (int i = 0; i < ia->datasize; ++i)
|     ia->data[i] = i * 1.234;
| 
|   // Check named initializers.
|   struct named_init ni = {
|     .number = 34,
|     .name = L"Test wide string",
|     .average = 543.34343,
|   };
| 
|   ni.number = 58;
| 
|   int dynamic_array[ni.number];
|   dynamic_array[ni.number - 1] = 543;
| 
|   // work around unused variable warnings
|   return (!success || bignum == 0LL || ubignum == 0uLL || newvar[0] == 'x'
| 	  || dynamic_array[ni.number - 1] != 543);
| 
|   ;
|   return 0;
| }
configure:12409: gcc -std=gnu99 -c -g -O2  conftest.c >&5
configure:12416: $? = 0
configure:12446: result: -std=gnu99
configure:12453: checking whether ln -s works
configure:12457: result: yes
configure:12468: checking for gawk
configure:12495: result: gawk
configure:12513: checking for nroff
configure:12531: found /usr/bin/nroff
configure:12543: result: /usr/bin/nroff
configure:12563: checking for tgetent in -ltinfo
configure:12598: gcc -std=gnu99 -o conftest -g -O2   conftest.c -ltinfo   >&5
configure:12605: $? = 0
configure:12626: result: yes
configure:13031: checking if you want wide-character code
configure:13040: result: no
configure:13068: checking for dirent.h that defines DIR
configure:13097: gcc -std=gnu99 -c -g -O2  conftest.c >&5
configure:13104: $? = 0
configure:13121: result: yes
configure:13136: checking for library containing opendir
configure:13177: gcc -std=gnu99 -o conftest -g -O2   conftest.c -ltinfo  >&5
configure:13184: $? = 0
configure:13215: result: none required
configure:13313: checking for ANSI C header files
configure:13481: result: yes
configure:13491: checking for sys/wait.h that is POSIX.1 compatible
configure:13527: gcc -std=gnu99 -c -g -O2  conftest.c >&5
configure:13534: $? = 0
configure:13549: result: yes
configure:13586: checking fcntl.h usability
configure:13603: gcc -std=gnu99 -c -g -O2  conftest.c >&5
configure:13610: $? = 0
configure:13624: result: yes
configure:13628: checking fcntl.h presence
configure:13643: gcc -E  conftest.c
configure:13650: $? = 0
configure:13664: result: yes
configure:13692: checking for fcntl.h
configure:13701: result: yes
configure:13586: checking limits.h usability
configure:13603: gcc -std=gnu99 -c -g -O2  conftest.c >&5
configure:13610: $? = 0
configure:13624: result: yes
configure:13628: checking limits.h presence
configure:13643: gcc -E  conftest.c
configure:13650: $? = 0
configure:13664: result: yes
configure:13692: checking for limits.h
configure:13701: result: yes
configure:13586: checking malloc.h usability
configure:13603: gcc -std=gnu99 -c -g -O2  conftest.c >&5
configure:13610: $? = 0
configure:13624: result: yes
configure:13628: checking malloc.h presence
configure:13643: gcc -E  conftest.c
configure:13650: $? = 0
configure:13664: result: yes
configure:13692: checking for malloc.h
configure:13701: result: yes
configure:13575: checking for stdlib.h
configure:13582: result: yes
configure:13575: checking for string.h
configure:13582: result: yes
configure:13586: checking sys/ioctl.h usability
configure:13603: gcc -std=gnu99 -c -g -O2  conftest.c >&5
configure:13610: $? = 0
configure:13624: result: yes
configure:13628: checking sys/ioctl.h presence
configure:13643: gcc -E  conftest.c
configure:13650: $? = 0
configure:13664: result: yes
configure:13692: checking for sys/ioctl.h
configure:13701: result: yes
configure:13586: checking sys/param.h usability
configure:13603: gcc -std=gnu99 -c -g -O2  conftest.c >&5
configure:13610: $? = 0
configure:13624: result: yes
configure:13628: checking sys/param.h presence
configure:13643: gcc -E  conftest.c
configure:13650: $? = 0
configure:13664: result: yes
configure:13692: checking for sys/param.h
configure:13701: result: yes
configure:13575: checking for unistd.h
configure:13582: result: yes
configure:13586: checking curses.h usability
configure:13603: gcc -std=gnu99 -c -g -O2  conftest.c >&5
configure:13610: $? = 0
configure:13624: result: yes
configure:13628: checking curses.h presence
configure:13643: gcc -E  conftest.c
configure:13650: $? = 0
configure:13664: result: yes
configure:13692: checking for curses.h
configure:13701: result: yes
configure:13586: checking ncurses.h usability
configure:13603: gcc -std=gnu99 -c -g -O2  conftest.c >&5
configure:13610: $? = 0
configure:13624: result: yes
configure:13628: checking ncurses.h presence
configure:13643: gcc -E  conftest.c
configure:13650: $? = 0
configure:13664: result: yes
configure:13692: checking for ncurses.h
configure:13701: result: yes
configure:13586: checking sys/cdefs.h usability
configure:13603: gcc -std=gnu99 -c -g -O2  conftest.c >&5
configure:13610: $? = 0
configure:13624: result: yes
configure:13628: checking sys/cdefs.h presence
configure:13643: gcc -E  conftest.c
configure:13650: $? = 0
configure:13664: result: yes
configure:13692: checking for sys/cdefs.h
configure:13701: result: yes
configure:13586: checking termcap.h usability
configure:13603: gcc -std=gnu99 -c -g -O2  conftest.c >&5
configure:13610: $? = 0
configure:13624: result: yes
configure:13628: checking termcap.h presence
configure:13643: gcc -E  conftest.c
configure:13650: $? = 0
configure:13664: result: yes
configure:13692: checking for termcap.h
configure:13701: result: yes
configure:13727: checking termios.h usability
configure:13744: gcc -std=gnu99 -c -g -O2  conftest.c >&5
configure:13751: $? = 0
configure:13765: result: yes
configure:13769: checking termios.h presence
configure:13784: gcc -E  conftest.c
configure:13791: $? = 0
configure:13805: result: yes
configure:13833: checking for termios.h
configure:13840: result: yes
configure:13859: checking for term.h
configure:13885: gcc -std=gnu99 -c -g -O2  conftest.c >&5
configure:13892: $? = 0
configure:13909: result: yes
configure:13926: checking for struct dirent.d_namlen
configure:13958: gcc -std=gnu99 -c -g -O2  conftest.c >&5
conftest.c: In function 'main':
conftest.c:53: error: 'struct dirent' has no member named 'd_namlen'
configure:13965: $? = 1
configure: failed program was:
| /* confdefs.h.  */
| #define PACKAGE_NAME "libedit"
| #define PACKAGE_TARNAME "libedit-20120812"
| #define PACKAGE_VERSION "3.0"
| #define PACKAGE_STRING "libedit 3.0"
| #define PACKAGE_BUGREPORT ""
| #define STDC_HEADERS 1
| #define HAVE_SYS_TYPES_H 1
| #define HAVE_SYS_STAT_H 1
| #define HAVE_STDLIB_H 1
| #define HAVE_STRING_H 1
| #define HAVE_MEMORY_H 1
| #define HAVE_STRINGS_H 1
| #define HAVE_INTTYPES_H 1
| #define HAVE_STDINT_H 1
| #define HAVE_UNISTD_H 1
| #define __EXTENSIONS__ 1
| #define _ALL_SOURCE 1
| #define _GNU_SOURCE 1
| #define _POSIX_PTHREAD_SEMANTICS 1
| #define _TANDEM_SOURCE 1
| #define PACKAGE "libedit-20120812"
| #define VERSION "3.0"
| #define HAVE_DLFCN_H 1
| #define LT_OBJDIR ".libs/"
| #define HAVE_LIBTINFO 1
| #define HAVE_DIRENT_H 1
| #define STDC_HEADERS 1
| #define HAVE_SYS_WAIT_H 1
| #define HAVE_FCNTL_H 1
| #define HAVE_LIMITS_H 1
| #define HAVE_MALLOC_H 1
| #define HAVE_STDLIB_H 1
| #define HAVE_STRING_H 1
| #define HAVE_SYS_IOCTL_H 1
| #define HAVE_SYS_PARAM_H 1
| #define HAVE_UNISTD_H 1
| #define HAVE_CURSES_H 1
| #define HAVE_NCURSES_H 1
| #define HAVE_SYS_CDEFS_H 1
| #define HAVE_TERMCAP_H 1
| #define HAVE_TERM_H 1
| /* end confdefs.h.  */
| #if HAVE_DIRENT_H
| #include <dirent.h>
| #endif
| 
| 
| int
| main ()
| {
| static struct dirent ac_aggr;
| if (ac_aggr.d_namlen)
| return 0;
|   ;
|   return 0;
| }
configure:14002: gcc -std=gnu99 -c -g -O2  conftest.c >&5
conftest.c: In function 'main':
conftest.c:53: error: 'struct dirent' has no member named 'd_namlen'
configure:14009: $? = 1
configure: failed program was:
| /* confdefs.h.  */
| #define PACKAGE_NAME "libedit"
| #define PACKAGE_TARNAME "libedit-20120812"
| #define PACKAGE_VERSION "3.0"
| #define PACKAGE_STRING "libedit 3.0"
| #define PACKAGE_BUGREPORT ""
| #define STDC_HEADERS 1
| #define HAVE_SYS_TYPES_H 1
| #define HAVE_SYS_STAT_H 1
| #define HAVE_STDLIB_H 1
| #define HAVE_STRING_H 1
| #define HAVE_MEMORY_H 1
| #define HAVE_STRINGS_H 1
| #define HAVE_INTTYPES_H 1
| #define HAVE_STDINT_H 1
| #define HAVE_UNISTD_H 1
| #define __EXTENSIONS__ 1
| #define _ALL_SOURCE 1
| #define _GNU_SOURCE 1
| #define _POSIX_PTHREAD_SEMANTICS 1
| #define _TANDEM_SOURCE 1
| #define PACKAGE "libedit-20120812"
| #define VERSION "3.0"
| #define HAVE_DLFCN_H 1
| #define LT_OBJDIR ".libs/"
| #define HAVE_LIBTINFO 1
| #define HAVE_DIRENT_H 1
| #define STDC_HEADERS 1
| #define HAVE_SYS_WAIT_H 1
| #define HAVE_FCNTL_H 1
| #define HAVE_LIMITS_H 1
| #define HAVE_MALLOC_H 1
| #define HAVE_STDLIB_H 1
| #define HAVE_STRING_H 1
| #define HAVE_SYS_IOCTL_H 1
| #define HAVE_SYS_PARAM_H 1
| #define HAVE_UNISTD_H 1
| #define HAVE_CURSES_H 1
| #define HAVE_NCURSES_H 1
| #define HAVE_SYS_CDEFS_H 1
| #define HAVE_TERMCAP_H 1
| #define HAVE_TERM_H 1
| /* end confdefs.h.  */
| #if HAVE_DIRENT_H
| #include <dirent.h>
| #endif
| 
| 
| int
| main ()
| {
| static struct dirent ac_aggr;
| if (sizeof ac_aggr.d_namlen)
| return 0;
|   ;
|   return 0;
| }
configure:14027: result: no
configure:14039: checking for an ANSI C-conforming const
configure:14114: gcc -std=gnu99 -c -g -O2  conftest.c >&5
configure:14121: $? = 0
configure:14136: result: yes
configure:14146: checking for pid_t
configure:14174: gcc -std=gnu99 -c -g -O2  conftest.c >&5
configure:14181: $? = 0
configure:14208: gcc -std=gnu99 -c -g -O2  conftest.c >&5
conftest.c: In function 'main':
conftest.c:80: error: expected expression before ')' token
configure:14215: $? = 1
configure: failed program was:
| /* confdefs.h.  */
| #define PACKAGE_NAME "libedit"
| #define PACKAGE_TARNAME "libedit-20120812"
| #define PACKAGE_VERSION "3.0"
| #define PACKAGE_STRING "libedit 3.0"
| #define PACKAGE_BUGREPORT ""
| #define STDC_HEADERS 1
| #define HAVE_SYS_TYPES_H 1
| #define HAVE_SYS_STAT_H 1
| #define HAVE_STDLIB_H 1
| #define HAVE_STRING_H 1
| #define HAVE_MEMORY_H 1
| #define HAVE_STRINGS_H 1
| #define HAVE_INTTYPES_H 1
| #define HAVE_STDINT_H 1
| #define HAVE_UNISTD_H 1
| #define __EXTENSIONS__ 1
| #define _ALL_SOURCE 1
| #define _GNU_SOURCE 1
| #define _POSIX_PTHREAD_SEMANTICS 1
| #define _TANDEM_SOURCE 1
| #define PACKAGE "libedit-20120812"
| #define VERSION "3.0"
| #define HAVE_DLFCN_H 1
| #define LT_OBJDIR ".libs/"
| #define HAVE_LIBTINFO 1
| #define HAVE_DIRENT_H 1
| #define STDC_HEADERS 1
| #define HAVE_SYS_WAIT_H 1
| #define HAVE_FCNTL_H 1
| #define HAVE_LIMITS_H 1
| #define HAVE_MALLOC_H 1
| #define HAVE_STDLIB_H 1
| #define HAVE_STRING_H 1
| #define HAVE_SYS_IOCTL_H 1
| #define HAVE_SYS_PARAM_H 1
| #define HAVE_UNISTD_H 1
| #define HAVE_CURSES_H 1
| #define HAVE_NCURSES_H 1
| #define HAVE_SYS_CDEFS_H 1
| #define HAVE_TERMCAP_H 1
| #define HAVE_TERM_H 1
| /* end confdefs.h.  */
| #include <stdio.h>
| #ifdef HAVE_SYS_TYPES_H
| # include <sys/types.h>
| #endif
| #ifdef HAVE_SYS_STAT_H
| # include <sys/stat.h>
| #endif
| #ifdef STDC_HEADERS
| # include <stdlib.h>
| # include <stddef.h>
| #else
| # ifdef HAVE_STDLIB_H
| #  include <stdlib.h>
| # endif
| #endif
| #ifdef HAVE_STRING_H
| # if !defined STDC_HEADERS && defined HAVE_MEMORY_H
| #  include <memory.h>
| # endif
| # include <string.h>
| #endif
| #ifdef HAVE_STRINGS_H
| # include <strings.h>
| #endif
| #ifdef HAVE_INTTYPES_H
| # include <inttypes.h>
| #endif
| #ifdef HAVE_STDINT_H
| # include <stdint.h>
| #endif
| #ifdef HAVE_UNISTD_H
| # include <unistd.h>
| #endif
| int
| main ()
| {
| if (sizeof ((pid_t)))
| 	  return 0;
|   ;
|   return 0;
| }
configure:14238: result: yes
configure:14250: checking for size_t
configure:14278: gcc -std=gnu99 -c -g -O2  conftest.c >&5
configure:14285: $? = 0
configure:14312: gcc -std=gnu99 -c -g -O2  conftest.c >&5
conftest.c: In function 'main':
conftest.c:80: error: expected expression before ')' token
configure:14319: $? = 1
configure: failed program was:
| /* confdefs.h.  */
| #define PACKAGE_NAME "libedit"
| #define PACKAGE_TARNAME "libedit-20120812"
| #define PACKAGE_VERSION "3.0"
| #define PACKAGE_STRING "libedit 3.0"
| #define PACKAGE_BUGREPORT ""
| #define STDC_HEADERS 1
| #define HAVE_SYS_TYPES_H 1
| #define HAVE_SYS_STAT_H 1
| #define HAVE_STDLIB_H 1
| #define HAVE_STRING_H 1
| #define HAVE_MEMORY_H 1
| #define HAVE_STRINGS_H 1
| #define HAVE_INTTYPES_H 1
| #define HAVE_STDINT_H 1
| #define HAVE_UNISTD_H 1
| #define __EXTENSIONS__ 1
| #define _ALL_SOURCE 1
| #define _GNU_SOURCE 1
| #define _POSIX_PTHREAD_SEMANTICS 1
| #define _TANDEM_SOURCE 1
| #define PACKAGE "libedit-20120812"
| #define VERSION "3.0"
| #define HAVE_DLFCN_H 1
| #define LT_OBJDIR ".libs/"
| #define HAVE_LIBTINFO 1
| #define HAVE_DIRENT_H 1
| #define STDC_HEADERS 1
| #define HAVE_SYS_WAIT_H 1
| #define HAVE_FCNTL_H 1
| #define HAVE_LIMITS_H 1
| #define HAVE_MALLOC_H 1
| #define HAVE_STDLIB_H 1
| #define HAVE_STRING_H 1
| #define HAVE_SYS_IOCTL_H 1
| #define HAVE_SYS_PARAM_H 1
| #define HAVE_UNISTD_H 1
| #define HAVE_CURSES_H 1
| #define HAVE_NCURSES_H 1
| #define HAVE_SYS_CDEFS_H 1
| #define HAVE_TERMCAP_H 1
| #define HAVE_TERM_H 1
| /* end confdefs.h.  */
| #include <stdio.h>
| #ifdef HAVE_SYS_TYPES_H
| # include <sys/types.h>
| #endif
| #ifdef HAVE_SYS_STAT_H
| # include <sys/stat.h>
| #endif
| #ifdef STDC_HEADERS
| # include <stdlib.h>
| # include <stddef.h>
| #else
| # ifdef HAVE_STDLIB_H
| #  include <stdlib.h>
| # endif
| #endif
| #ifdef HAVE_STRING_H
| # if !defined STDC_HEADERS && defined HAVE_MEMORY_H
| #  include <memory.h>
| # endif
| # include <string.h>
| #endif
| #ifdef HAVE_STRINGS_H
| # include <strings.h>
| #endif
| #ifdef HAVE_INTTYPES_H
| # include <inttypes.h>
| #endif
| #ifdef HAVE_STDINT_H
| # include <stdint.h>
| #endif
| #ifdef HAVE_UNISTD_H
| # include <unistd.h>
| #endif
| int
| main ()
| {
| if (sizeof ((size_t)))
| 	  return 0;
|   ;
|   return 0;
| }
configure:14342: result: yes
configure:14354: checking for u_int32_t
configure:14382: gcc -std=gnu99 -c -g -O2  conftest.c >&5
configure:14389: $? = 0
configure:14416: gcc -std=gnu99 -c -g -O2  conftest.c >&5
conftest.c: In function 'main':
conftest.c:80: error: expected expression before ')' token
configure:14423: $? = 1
configure: failed program was:
| /* confdefs.h.  */
| #define PACKAGE_NAME "libedit"
| #define PACKAGE_TARNAME "libedit-20120812"
| #define PACKAGE_VERSION "3.0"
| #define PACKAGE_STRING "libedit 3.0"
| #define PACKAGE_BUGREPORT ""
| #define STDC_HEADERS 1
| #define HAVE_SYS_TYPES_H 1
| #define HAVE_SYS_STAT_H 1
| #define HAVE_STDLIB_H 1
| #define HAVE_STRING_H 1
| #define HAVE_MEMORY_H 1
| #define HAVE_STRINGS_H 1
| #define HAVE_INTTYPES_H 1
| #define HAVE_STDINT_H 1
| #define HAVE_UNISTD_H 1
| #define __EXTENSIONS__ 1
| #define _ALL_SOURCE 1
| #define _GNU_SOURCE 1
| #define _POSIX_PTHREAD_SEMANTICS 1
| #define _TANDEM_SOURCE 1
| #define PACKAGE "libedit-20120812"
| #define VERSION "3.0"
| #define HAVE_DLFCN_H 1
| #define LT_OBJDIR ".libs/"
| #define HAVE_LIBTINFO 1
| #define HAVE_DIRENT_H 1
| #define STDC_HEADERS 1
| #define HAVE_SYS_WAIT_H 1
| #define HAVE_FCNTL_H 1
| #define HAVE_LIMITS_H 1
| #define HAVE_MALLOC_H 1
| #define HAVE_STDLIB_H 1
| #define HAVE_STRING_H 1
| #define HAVE_SYS_IOCTL_H 1
| #define HAVE_SYS_PARAM_H 1
| #define HAVE_UNISTD_H 1
| #define HAVE_CURSES_H 1
| #define HAVE_NCURSES_H 1
| #define HAVE_SYS_CDEFS_H 1
| #define HAVE_TERMCAP_H 1
| #define HAVE_TERM_H 1
| /* end confdefs.h.  */
| #include <stdio.h>
| #ifdef HAVE_SYS_TYPES_H
| # include <sys/types.h>
| #endif
| #ifdef HAVE_SYS_STAT_H
| # include <sys/stat.h>
| #endif
| #ifdef STDC_HEADERS
| # include <stdlib.h>
| # include <stddef.h>
| #else
| # ifdef HAVE_STDLIB_H
| #  include <stdlib.h>
| # endif
| #endif
| #ifdef HAVE_STRING_H
| # if !defined STDC_HEADERS && defined HAVE_MEMORY_H
| #  include <memory.h>
| # endif
| # include <string.h>
| #endif
| #ifdef HAVE_STRINGS_H
| # include <strings.h>
| #endif
| #ifdef HAVE_INTTYPES_H
| # include <inttypes.h>
| #endif
| #ifdef HAVE_STDINT_H
| # include <stdint.h>
| #endif
| #ifdef HAVE_UNISTD_H
| # include <unistd.h>
| #endif
| int
| main ()
| {
| if (sizeof ((u_int32_t)))
| 	  return 0;
|   ;
|   return 0;
| }
configure:14446: result: yes
configure:14459: checking whether closedir returns void
configure:14493: gcc -std=gnu99 -o conftest -g -O2   conftest.c -ltinfo  >&5
configure:14497: $? = 0
configure:14503: ./conftest
configure:14507: $? = 0
configure:14524: result: no
configure:14550: checking vfork.h usability
configure:14567: gcc -std=gnu99 -c -g -O2  conftest.c >&5
conftest.c:78:19: error: vfork.h: No such file or directory
configure:14574: $? = 1
configure: failed program was:
| /* confdefs.h.  */
| #define PACKAGE_NAME "libedit"
| #define PACKAGE_TARNAME "libedit-20120812"
| #define PACKAGE_VERSION "3.0"
| #define PACKAGE_STRING "libedit 3.0"
| #define PACKAGE_BUGREPORT ""
| #define STDC_HEADERS 1
| #define HAVE_SYS_TYPES_H 1
| #define HAVE_SYS_STAT_H 1
| #define HAVE_STDLIB_H 1
| #define HAVE_STRING_H 1
| #define HAVE_MEMORY_H 1
| #define HAVE_STRINGS_H 1
| #define HAVE_INTTYPES_H 1
| #define HAVE_STDINT_H 1
| #define HAVE_UNISTD_H 1
| #define __EXTENSIONS__ 1
| #define _ALL_SOURCE 1
| #define _GNU_SOURCE 1
| #define _POSIX_PTHREAD_SEMANTICS 1
| #define _TANDEM_SOURCE 1
| #define PACKAGE "libedit-20120812"
| #define VERSION "3.0"
| #define HAVE_DLFCN_H 1
| #define LT_OBJDIR ".libs/"
| #define HAVE_LIBTINFO 1
| #define HAVE_DIRENT_H 1
| #define STDC_HEADERS 1
| #define HAVE_SYS_WAIT_H 1
| #define HAVE_FCNTL_H 1
| #define HAVE_LIMITS_H 1
| #define HAVE_MALLOC_H 1
| #define HAVE_STDLIB_H 1
| #define HAVE_STRING_H 1
| #define HAVE_SYS_IOCTL_H 1
| #define HAVE_SYS_PARAM_H 1
| #define HAVE_UNISTD_H 1
| #define HAVE_CURSES_H 1
| #define HAVE_NCURSES_H 1
| #define HAVE_SYS_CDEFS_H 1
| #define HAVE_TERMCAP_H 1
| #define HAVE_TERM_H 1
| #define HAVE_U_INT32_T 1
| /* end confdefs.h.  */
| #include <stdio.h>
| #ifdef HAVE_SYS_TYPES_H
| # include <sys/types.h>
| #endif
| #ifdef HAVE_SYS_STAT_H
| # include <sys/stat.h>
| #endif
| #ifdef STDC_HEADERS
| # include <stdlib.h>
| # include <stddef.h>
| #else
| # ifdef HAVE_STDLIB_H
| #  include <stdlib.h>
| # endif
| #endif
| #ifdef HAVE_STRING_H
| # if !defined STDC_HEADERS && defined HAVE_MEMORY_H
| #  include <memory.h>
| # endif
| # include <string.h>
| #endif
| #ifdef HAVE_STRINGS_H
| # include <strings.h>
| #endif
| #ifdef HAVE_INTTYPES_H
| # include <inttypes.h>
| #endif
| #ifdef HAVE_STDINT_H
| # include <stdint.h>
| #endif
| #ifdef HAVE_UNISTD_H
| # include <unistd.h>
| #endif
| #include <vfork.h>
configure:14588: result: no
configure:14592: checking vfork.h presence
configure:14607: gcc -E  conftest.c
conftest.c:45:19: error: vfork.h: No such file or directory
configure:14614: $? = 1
configure: failed program was:
| /* confdefs.h.  */
| #define PACKAGE_NAME "libedit"
| #define PACKAGE_TARNAME "libedit-20120812"
| #define PACKAGE_VERSION "3.0"
| #define PACKAGE_STRING "libedit 3.0"
| #define PACKAGE_BUGREPORT ""
| #define STDC_HEADERS 1
| #define HAVE_SYS_TYPES_H 1
| #define HAVE_SYS_STAT_H 1
| #define HAVE_STDLIB_H 1
| #define HAVE_STRING_H 1
| #define HAVE_MEMORY_H 1
| #define HAVE_STRINGS_H 1
| #define HAVE_INTTYPES_H 1
| #define HAVE_STDINT_H 1
| #define HAVE_UNISTD_H 1
| #define __EXTENSIONS__ 1
| #define _ALL_SOURCE 1
| #define _GNU_SOURCE 1
| #define _POSIX_PTHREAD_SEMANTICS 1
| #define _TANDEM_SOURCE 1
| #define PACKAGE "libedit-20120812"
| #define VERSION "3.0"
| #define HAVE_DLFCN_H 1
| #define LT_OBJDIR ".libs/"
| #define HAVE_LIBTINFO 1
| #define HAVE_DIRENT_H 1
| #define STDC_HEADERS 1
| #define HAVE_SYS_WAIT_H 1
| #define HAVE_FCNTL_H 1
| #define HAVE_LIMITS_H 1
| #define HAVE_MALLOC_H 1
| #define HAVE_STDLIB_H 1
| #define HAVE_STRING_H 1
| #define HAVE_SYS_IOCTL_H 1
| #define HAVE_SYS_PARAM_H 1
| #define HAVE_UNISTD_H 1
| #define HAVE_CURSES_H 1
| #define HAVE_NCURSES_H 1
| #define HAVE_SYS_CDEFS_H 1
| #define HAVE_TERMCAP_H 1
| #define HAVE_TERM_H 1
| #define HAVE_U_INT32_T 1
| /* end confdefs.h.  */
| #include <vfork.h>
configure:14628: result: no
configure:14656: checking for vfork.h
configure:14665: result: no
configure:14685: checking for fork
configure:14741: gcc -std=gnu99 -o conftest -g -O2   conftest.c -ltinfo  >&5
conftest.c:68: warning: conflicting types for built-in function 'fork'
configure:14748: $? = 0
configure:14770: result: yes
configure:14685: checking for vfork
configure:14741: gcc -std=gnu99 -o conftest -g -O2   conftest.c -ltinfo  >&5
configure:14748: $? = 0
configure:14770: result: yes
configure:14783: checking for working fork
configure:14815: gcc -std=gnu99 -o conftest -g -O2   conftest.c -ltinfo  >&5
configure:14819: $? = 0
configure:14825: ./conftest
configure:14829: $? = 0
configure:14846: result: yes
configure:14867: checking for working vfork
configure:15008: result: yes
configure:15040: checking whether gcc -std=gnu99 needs -traditional
configure:15082: result: no
configure:15092: checking return type of signal handlers
configure:15120: gcc -std=gnu99 -c -g -O2  conftest.c >&5
conftest.c: In function 'main':
conftest.c:55: error: void value not ignored as it ought to be
configure:15127: $? = 1
configure: failed program was:
| /* confdefs.h.  */
| #define PACKAGE_NAME "libedit"
| #define PACKAGE_TARNAME "libedit-20120812"
| #define PACKAGE_VERSION "3.0"
| #define PACKAGE_STRING "libedit 3.0"
| #define PACKAGE_BUGREPORT ""
| #define STDC_HEADERS 1
| #define HAVE_SYS_TYPES_H 1
| #define HAVE_SYS_STAT_H 1
| #define HAVE_STDLIB_H 1
| #define HAVE_STRING_H 1
| #define HAVE_MEMORY_H 1
| #define HAVE_STRINGS_H 1
| #define HAVE_INTTYPES_H 1
| #define HAVE_STDINT_H 1
| #define HAVE_UNISTD_H 1
| #define __EXTENSIONS__ 1
| #define _ALL_SOURCE 1
| #define _GNU_SOURCE 1
| #define _POSIX_PTHREAD_SEMANTICS 1
| #define _TANDEM_SOURCE 1
| #define PACKAGE "libedit-20120812"
| #define VERSION "3.0"
| #define HAVE_DLFCN_H 1
| #define LT_OBJDIR ".libs/"
| #define HAVE_LIBTINFO 1
| #define HAVE_DIRENT_H 1
| #define STDC_HEADERS 1
| #define HAVE_SYS_WAIT_H 1
| #define HAVE_FCNTL_H 1
| #define HAVE_LIMITS_H 1
| #define HAVE_MALLOC_H 1
| #define HAVE_STDLIB_H 1
| #define HAVE_STRING_H 1
| #define HAVE_SYS_IOCTL_H 1
| #define HAVE_SYS_PARAM_H 1
| #define HAVE_UNISTD_H 1
| #define HAVE_CURSES_H 1
| #define HAVE_NCURSES_H 1
| #define HAVE_SYS_CDEFS_H 1
| #define HAVE_TERMCAP_H 1
| #define HAVE_TERM_H 1
| #define HAVE_U_INT32_T 1
| #define HAVE_FORK 1
| #define HAVE_VFORK 1
| #define HAVE_WORKING_VFORK 1
| #define HAVE_WORKING_FORK 1
| /* end confdefs.h.  */
| #include <sys/types.h>
| #include <signal.h>
| 
| int
| main ()
| {
| return *(signal (0, 0)) (0) == 1;
|   ;
|   return 0;
| }
configure:15142: result: void
configure:15150: checking whether lstat dereferences a symlink specified with a trailing slash
configure:15186: gcc -std=gnu99 -o conftest -g -O2   conftest.c -ltinfo  >&5
configure:15190: $? = 0
configure:15196: ./conftest
configure:15200: $? = 0
configure:15224: result: yes
configure:15243: checking whether stat accepts an empty string
configure:15273: gcc -std=gnu99 -o conftest -g -O2   conftest.c -ltinfo  >&5
configure:15277: $? = 0
configure:15283: ./conftest
configure:15287: $? = 0
configure:15304: result: no
configure:15345: checking for endpwent
configure:15401: gcc -std=gnu99 -o conftest -g -O2   conftest.c -ltinfo  >&5
configure:15408: $? = 0
configure:15430: result: yes
configure:15345: checking for isascii
configure:15401: gcc -std=gnu99 -o conftest -g -O2   conftest.c -ltinfo  >&5
conftest.c:75: warning: conflicting types for built-in function 'isascii'
configure:15408: $? = 0
configure:15430: result: yes
configure:15345: checking for memchr
configure:15401: gcc -std=gnu99 -o conftest -g -O2   conftest.c -ltinfo  >&5
conftest.c:76: warning: conflicting types for built-in function 'memchr'
configure:15408: $? = 0
configure:15430: result: yes
configure:15345: checking for memset
configure:15401: gcc -std=gnu99 -o conftest -g -O2   conftest.c -ltinfo  >&5
conftest.c:77: warning: conflicting types for built-in function 'memset'
configure:15408: $? = 0
configure:15430: result: yes
configure:15345: checking for re_comp
configure:15401: gcc -std=gnu99 -o conftest -g -O2   conftest.c -ltinfo  >&5
configure:15408: $? = 0
configure:15430: result: yes
configure:15345: checking for regcomp
configure:15401: gcc -std=gnu99 -o conftest -g -O2   conftest.c -ltinfo  >&5
configure:15408: $? = 0
configure:15430: result: yes
configure:15345: checking for strcasecmp
configure:15401: gcc -std=gnu99 -o conftest -g -O2   conftest.c -ltinfo  >&5
conftest.c:80: warning: conflicting types for built-in function 'strcasecmp'
configure:15408: $? = 0
configure:15430: result: yes
configure:15345: checking for strchr
configure:15401: gcc -std=gnu99 -o conftest -g -O2   conftest.c -ltinfo  >&5
conftest.c:81: warning: conflicting types for built-in function 'strchr'
configure:15408: $? = 0
configure:15430: result: yes
configure:15345: checking for strcspn
configure:15401: gcc -std=gnu99 -o conftest -g -O2   conftest.c -ltinfo  >&5
conftest.c:82: warning: conflicting types for built-in function 'strcspn'
configure:15408: $? = 0
configure:15430: result: yes
configure:15345: checking for strdup
configure:15401: gcc -std=gnu99 -o conftest -g -O2   conftest.c -ltinfo  >&5
conftest.c:83: warning: conflicting types for built-in function 'strdup'
configure:15408: $? = 0
configure:15430: result: yes
configure:15345: checking for strerror
configure:15401: gcc -std=gnu99 -o conftest -g -O2   conftest.c -ltinfo  >&5
configure:15408: $? = 0
configure:15430: result: yes
configure:15345: checking for strrchr
configure:15401: gcc -std=gnu99 -o conftest -g -O2   conftest.c -ltinfo  >&5
conftest.c:85: warning: conflicting types for built-in function 'strrchr'
configure:15408: $? = 0
configure:15430: result: yes
configure:15345: checking for strstr
configure:15401: gcc -std=gnu99 -o conftest -g -O2   conftest.c -ltinfo  >&5
conftest.c:86: warning: conflicting types for built-in function 'strstr'
configure:15408: $? = 0
configure:15430: result: yes
configure:15345: checking for strtol
configure:15401: gcc -std=gnu99 -o conftest -g -O2   conftest.c -ltinfo  >&5
configure:15408: $? = 0
configure:15430: result: yes
configure:15345: checking for issetugid
configure:15401: gcc -std=gnu99 -o conftest -g -O2   conftest.c -ltinfo  >&5
/tmp/ccMFxkT3.o: In function `main':
/build/common/open3dqsar/open3dqsar_svn/libedit-20120601-3.0/conftest.c:99: undefined reference to `issetugid'
collect2: ld returned 1 exit status
configure:15408: $? = 1
configure: failed program was:
| /* confdefs.h.  */
| #define PACKAGE_NAME "libedit"
| #define PACKAGE_TARNAME "libedit-20120812"
| #define PACKAGE_VERSION "3.0"
| #define PACKAGE_STRING "libedit 3.0"
| #define PACKAGE_BUGREPORT ""
| #define STDC_HEADERS 1
| #define HAVE_SYS_TYPES_H 1
| #define HAVE_SYS_STAT_H 1
| #define HAVE_STDLIB_H 1
| #define HAVE_STRING_H 1
| #define HAVE_MEMORY_H 1
| #define HAVE_STRINGS_H 1
| #define HAVE_INTTYPES_H 1
| #define HAVE_STDINT_H 1
| #define HAVE_UNISTD_H 1
| #define __EXTENSIONS__ 1
| #define _ALL_SOURCE 1
| #define _GNU_SOURCE 1
| #define _POSIX_PTHREAD_SEMANTICS 1
| #define _TANDEM_SOURCE 1
| #define PACKAGE "libedit-20120812"
| #define VERSION "3.0"
| #define HAVE_DLFCN_H 1
| #define LT_OBJDIR ".libs/"
| #define HAVE_LIBTINFO 1
| #define HAVE_DIRENT_H 1
| #define STDC_HEADERS 1
| #define HAVE_SYS_WAIT_H 1
| #define HAVE_FCNTL_H 1
| #define HAVE_LIMITS_H 1
| #define HAVE_MALLOC_H 1
| #define HAVE_STDLIB_H 1
| #define HAVE_STRING_H 1
| #define HAVE_SYS_IOCTL_H 1
| #define HAVE_SYS_PARAM_H 1
| #define HAVE_UNISTD_H 1
| #define HAVE_CURSES_H 1
| #define HAVE_NCURSES_H 1
| #define HAVE_SYS_CDEFS_H 1
| #define HAVE_TERMCAP_H 1
| #define HAVE_TERM_H 1
| #define HAVE_U_INT32_T 1
| #define HAVE_FORK 1
| #define HAVE_VFORK 1
| #define HAVE_WORKING_VFORK 1
| #define HAVE_WORKING_FORK 1
| #define RETSIGTYPE void
| #define LSTAT_FOLLOWS_SLASHED_SYMLINK 1
| #define HAVE_ENDPWENT 1
| #define HAVE_ISASCII 1
| #define HAVE_MEMCHR 1
| #define HAVE_MEMSET 1
| #define HAVE_RE_COMP 1
| #define HAVE_REGCOMP 1
| #define HAVE_STRCASECMP 1
| #define HAVE_STRCHR 1
| #define HAVE_STRCSPN 1
| #define HAVE_STRDUP 1
| #define HAVE_STRERROR 1
| #define HAVE_STRRCHR 1
| #define HAVE_STRSTR 1
| #define HAVE_STRTOL 1
| /* end confdefs.h.  */
| /* Define issetugid to an innocuous variant, in case <limits.h> declares issetugid.
|    For example, HP-UX 11i <limits.h> declares gettimeofday.  */
| #define issetugid innocuous_issetugid
| 
| /* System header to define __stub macros and hopefully few prototypes,
|     which can conflict with char issetugid (); below.
|     Prefer <limits.h> to <assert.h> if __STDC__ is defined, since
|     <limits.h> exists even on freestanding compilers.  */
| 
| #ifdef __STDC__
| # include <limits.h>
| #else
| # include <assert.h>
| #endif
| 
| #undef issetugid
| 
| /* Override any GCC internal prototype to avoid an error.
|    Use char because int might match the return type of a GCC
|    builtin and then its argument prototype would still apply.  */
| #ifdef __cplusplus
| extern "C"
| #endif
| char issetugid ();
| /* The GNU C library defines this for functions which it implements
|     to always fail with ENOSYS.  Some functions are actually named
|     something starting with __ and the normal name is an alias.  */
| #if defined __stub_issetugid || defined __stub___issetugid
| choke me
| #endif
| 
| int
| main ()
| {
| return issetugid ();
|   ;
|   return 0;
| }
configure:15430: result: no
configure:15345: checking for wcsdup
configure:15401: gcc -std=gnu99 -o conftest -g -O2   conftest.c -ltinfo  >&5
configure:15408: $? = 0
configure:15430: result: yes
configure:15345: checking for strlcpy
configure:15401: gcc -std=gnu99 -o conftest -g -O2   conftest.c -ltinfo  >&5
/tmp/cc6BpgT6.o: In function `main':
/build/common/open3dqsar/open3dqsar_svn/libedit-20120601-3.0/conftest.c:100: undefined reference to `strlcpy'
collect2: ld returned 1 exit status
configure:15408: $? = 1
configure: failed program was:
| /* confdefs.h.  */
| #define PACKAGE_NAME "libedit"
| #define PACKAGE_TARNAME "libedit-20120812"
| #define PACKAGE_VERSION "3.0"
| #define PACKAGE_STRING "libedit 3.0"
| #define PACKAGE_BUGREPORT ""
| #define STDC_HEADERS 1
| #define HAVE_SYS_TYPES_H 1
| #define HAVE_SYS_STAT_H 1
| #define HAVE_STDLIB_H 1
| #define HAVE_STRING_H 1
| #define HAVE_MEMORY_H 1
| #define HAVE_STRINGS_H 1
| #define HAVE_INTTYPES_H 1
| #define HAVE_STDINT_H 1
| #define HAVE_UNISTD_H 1
| #define __EXTENSIONS__ 1
| #define _ALL_SOURCE 1
| #define _GNU_SOURCE 1
| #define _POSIX_PTHREAD_SEMANTICS 1
| #define _TANDEM_SOURCE 1
| #define PACKAGE "libedit-20120812"
| #define VERSION "3.0"
| #define HAVE_DLFCN_H 1
| #define LT_OBJDIR ".libs/"
| #define HAVE_LIBTINFO 1
| #define HAVE_DIRENT_H 1
| #define STDC_HEADERS 1
| #define HAVE_SYS_WAIT_H 1
| #define HAVE_FCNTL_H 1
| #define HAVE_LIMITS_H 1
| #define HAVE_MALLOC_H 1
| #define HAVE_STDLIB_H 1
| #define HAVE_STRING_H 1
| #define HAVE_SYS_IOCTL_H 1
| #define HAVE_SYS_PARAM_H 1
| #define HAVE_UNISTD_H 1
| #define HAVE_CURSES_H 1
| #define HAVE_NCURSES_H 1
| #define HAVE_SYS_CDEFS_H 1
| #define HAVE_TERMCAP_H 1
| #define HAVE_TERM_H 1
| #define HAVE_U_INT32_T 1
| #define HAVE_FORK 1
| #define HAVE_VFORK 1
| #define HAVE_WORKING_VFORK 1
| #define HAVE_WORKING_FORK 1
| #define RETSIGTYPE void
| #define LSTAT_FOLLOWS_SLASHED_SYMLINK 1
| #define HAVE_ENDPWENT 1
| #define HAVE_ISASCII 1
| #define HAVE_MEMCHR 1
| #define HAVE_MEMSET 1
| #define HAVE_RE_COMP 1
| #define HAVE_REGCOMP 1
| #define HAVE_STRCASECMP 1
| #define HAVE_STRCHR 1
| #define HAVE_STRCSPN 1
| #define HAVE_STRDUP 1
| #define HAVE_STRERROR 1
| #define HAVE_STRRCHR 1
| #define HAVE_STRSTR 1
| #define HAVE_STRTOL 1
| #define HAVE_WCSDUP 1
| /* end confdefs.h.  */
| /* Define strlcpy to an innocuous variant, in case <limits.h> declares strlcpy.
|    For example, HP-UX 11i <limits.h> declares gettimeofday.  */
| #define strlcpy innocuous_strlcpy
| 
| /* System header to define __stub macros and hopefully few prototypes,
|     which can conflict with char strlcpy (); below.
|     Prefer <limits.h> to <assert.h> if __STDC__ is defined, since
|     <limits.h> exists even on freestanding compilers.  */
| 
| #ifdef __STDC__
| # include <limits.h>
| #else
| # include <assert.h>
| #endif
| 
| #undef strlcpy
| 
| /* Override any GCC internal prototype to avoid an error.
|    Use char because int might match the return type of a GCC
|    builtin and then its argument prototype would still apply.  */
| #ifdef __cplusplus
| extern "C"
| #endif
| char strlcpy ();
| /* The GNU C library defines this for functions which it implements
|     to always fail with ENOSYS.  Some functions are actually named
|     something starting with __ and the normal name is an alias.  */
| #if defined __stub_strlcpy || defined __stub___strlcpy
| choke me
| #endif
| 
| int
| main ()
| {
| return strlcpy ();
|   ;
|   return 0;
| }
configure:15430: result: no
configure:15345: checking for strlcat
configure:15401: gcc -std=gnu99 -o conftest -g -O2   conftest.c -ltinfo  >&5
/tmp/cclLBgKe.o: In function `main':
/build/common/open3dqsar/open3dqsar_svn/libedit-20120601-3.0/conftest.c:100: undefined reference to `strlcat'
collect2: ld returned 1 exit status
configure:15408: $? = 1
configure: failed program was:
| /* confdefs.h.  */
| #define PACKAGE_NAME "libedit"
| #define PACKAGE_TARNAME "libedit-20120812"
| #define PACKAGE_VERSION "3.0"
| #define PACKAGE_STRING "libedit 3.0"
| #define PACKAGE_BUGREPORT ""
| #define STDC_HEADERS 1
| #define HAVE_SYS_TYPES_H 1
| #define HAVE_SYS_STAT_H 1
| #define HAVE_STDLIB_H 1
| #define HAVE_STRING_H 1
| #define HAVE_MEMORY_H 1
| #define HAVE_STRINGS_H 1
| #define HAVE_INTTYPES_H 1
| #define HAVE_STDINT_H 1
| #define HAVE_UNISTD_H 1
| #define __EXTENSIONS__ 1
| #define _ALL_SOURCE 1
| #define _GNU_SOURCE 1
| #define _POSIX_PTHREAD_SEMANTICS 1
| #define _TANDEM_SOURCE 1
| #define PACKAGE "libedit-20120812"
| #define VERSION "3.0"
| #define HAVE_DLFCN_H 1
| #define LT_OBJDIR ".libs/"
| #define HAVE_LIBTINFO 1
| #define HAVE_DIRENT_H 1
| #define STDC_HEADERS 1
| #define HAVE_SYS_WAIT_H 1
| #define HAVE_FCNTL_H 1
| #define HAVE_LIMITS_H 1
| #define HAVE_MALLOC_H 1
| #define HAVE_STDLIB_H 1
| #define HAVE_STRING_H 1
| #define HAVE_SYS_IOCTL_H 1
| #define HAVE_SYS_PARAM_H 1
| #define HAVE_UNISTD_H 1
| #define HAVE_CURSES_H 1
| #define HAVE_NCURSES_H 1
| #define HAVE_SYS_CDEFS_H 1
| #define HAVE_TERMCAP_H 1
| #define HAVE_TERM_H 1
| #define HAVE_U_INT32_T 1
| #define HAVE_FORK 1
| #define HAVE_VFORK 1
| #define HAVE_WORKING_VFORK 1
| #define HAVE_WORKING_FORK 1
| #define RETSIGTYPE void
| #define LSTAT_FOLLOWS_SLASHED_SYMLINK 1
| #define HAVE_ENDPWENT 1
| #define HAVE_ISASCII 1
| #define HAVE_MEMCHR 1
| #define HAVE_MEMSET 1
| #define HAVE_RE_COMP 1
| #define HAVE_REGCOMP 1
| #define HAVE_STRCASECMP 1
| #define HAVE_STRCHR 1
| #define HAVE_STRCSPN 1
| #define HAVE_STRDUP 1
| #define HAVE_STRERROR 1
| #define HAVE_STRRCHR 1
| #define HAVE_STRSTR 1
| #define HAVE_STRTOL 1
| #define HAVE_WCSDUP 1
| /* end confdefs.h.  */
| /* Define strlcat to an innocuous variant, in case <limits.h> declares strlcat.
|    For example, HP-UX 11i <limits.h> declares gettimeofday.  */
| #define strlcat innocuous_strlcat
| 
| /* System header to define __stub macros and hopefully few prototypes,
|     which can conflict with char strlcat (); below.
|     Prefer <limits.h> to <assert.h> if __STDC__ is defined, since
|     <limits.h> exists even on freestanding compilers.  */
| 
| #ifdef __STDC__
| # include <limits.h>
| #else
| # include <assert.h>
| #endif
| 
| #undef strlcat
| 
| /* Override any GCC internal prototype to avoid an error.
|    Use char because int might match the return type of a GCC
|    builtin and then its argument prototype would still apply.  */
| #ifdef __cplusplus
| extern "C"
| #endif
| char strlcat ();
| /* The GNU C library defines this for functions which it implements
|     to always fail with ENOSYS.  Some functions are actually named
|     something starting with __ and the normal name is an alias.  */
| #if defined __stub_strlcat || defined __stub___strlcat
| choke me
| #endif
| 
| int
| main ()
| {
| return strlcat ();
|   ;
|   return 0;
| }
configure:15430: result: no
configure:15345: checking for fgetln
configure:15401: gcc -std=gnu99 -o conftest -g -O2   conftest.c -ltinfo  >&5
/tmp/ccS5HNwg.o: In function `main':
/build/common/open3dqsar/open3dqsar_svn/libedit-20120601-3.0/conftest.c:100: undefined reference to `fgetln'
collect2: ld returned 1 exit status
configure:15408: $? = 1
configure: failed program was:
| /* confdefs.h.  */
| #define PACKAGE_NAME "libedit"
| #define PACKAGE_TARNAME "libedit-20120812"
| #define PACKAGE_VERSION "3.0"
| #define PACKAGE_STRING "libedit 3.0"
| #define PACKAGE_BUGREPORT ""
| #define STDC_HEADERS 1
| #define HAVE_SYS_TYPES_H 1
| #define HAVE_SYS_STAT_H 1
| #define HAVE_STDLIB_H 1
| #define HAVE_STRING_H 1
| #define HAVE_MEMORY_H 1
| #define HAVE_STRINGS_H 1
| #define HAVE_INTTYPES_H 1
| #define HAVE_STDINT_H 1
| #define HAVE_UNISTD_H 1
| #define __EXTENSIONS__ 1
| #define _ALL_SOURCE 1
| #define _GNU_SOURCE 1
| #define _POSIX_PTHREAD_SEMANTICS 1
| #define _TANDEM_SOURCE 1
| #define PACKAGE "libedit-20120812"
| #define VERSION "3.0"
| #define HAVE_DLFCN_H 1
| #define LT_OBJDIR ".libs/"
| #define HAVE_LIBTINFO 1
| #define HAVE_DIRENT_H 1
| #define STDC_HEADERS 1
| #define HAVE_SYS_WAIT_H 1
| #define HAVE_FCNTL_H 1
| #define HAVE_LIMITS_H 1
| #define HAVE_MALLOC_H 1
| #define HAVE_STDLIB_H 1
| #define HAVE_STRING_H 1
| #define HAVE_SYS_IOCTL_H 1
| #define HAVE_SYS_PARAM_H 1
| #define HAVE_UNISTD_H 1
| #define HAVE_CURSES_H 1
| #define HAVE_NCURSES_H 1
| #define HAVE_SYS_CDEFS_H 1
| #define HAVE_TERMCAP_H 1
| #define HAVE_TERM_H 1
| #define HAVE_U_INT32_T 1
| #define HAVE_FORK 1
| #define HAVE_VFORK 1
| #define HAVE_WORKING_VFORK 1
| #define HAVE_WORKING_FORK 1
| #define RETSIGTYPE void
| #define LSTAT_FOLLOWS_SLASHED_SYMLINK 1
| #define HAVE_ENDPWENT 1
| #define HAVE_ISASCII 1
| #define HAVE_MEMCHR 1
| #define HAVE_MEMSET 1
| #define HAVE_RE_COMP 1
| #define HAVE_REGCOMP 1
| #define HAVE_STRCASECMP 1
| #define HAVE_STRCHR 1
| #define HAVE_STRCSPN 1
| #define HAVE_STRDUP 1
| #define HAVE_STRERROR 1
| #define HAVE_STRRCHR 1
| #define HAVE_STRSTR 1
| #define HAVE_STRTOL 1
| #define HAVE_WCSDUP 1
| /* end confdefs.h.  */
| /* Define fgetln to an innocuous variant, in case <limits.h> declares fgetln.
|    For example, HP-UX 11i <limits.h> declares gettimeofday.  */
| #define fgetln innocuous_fgetln
| 
| /* System header to define __stub macros and hopefully few prototypes,
|     which can conflict with char fgetln (); below.
|     Prefer <limits.h> to <assert.h> if __STDC__ is defined, since
|     <limits.h> exists even on freestanding compilers.  */
| 
| #ifdef __STDC__
| # include <limits.h>
| #else
| # include <assert.h>
| #endif
| 
| #undef fgetln
| 
| /* Override any GCC internal prototype to avoid an error.
|    Use char because int might match the return type of a GCC
|    builtin and then its argument prototype would still apply.  */
| #ifdef __cplusplus
| extern "C"
| #endif
| char fgetln ();
| /* The GNU C library defines this for functions which it implements
|     to always fail with ENOSYS.  Some functions are actually named
|     something starting with __ and the normal name is an alias.  */
| #if defined __stub_fgetln || defined __stub___fgetln
| choke me
| #endif
| 
| int
| main ()
| {
| return fgetln ();
|   ;
|   return 0;
| }
configure:15430: result: no
configure:15345: checking for vis
configure:15401: gcc -std=gnu99 -o conftest -g -O2   conftest.c -ltinfo  >&5
/tmp/cc4U7bam.o: In function `main':
/build/common/open3dqsar/open3dqsar_svn/libedit-20120601-3.0/conftest.c:100: undefined reference to `vis'
collect2: ld returned 1 exit status
configure:15408: $? = 1
configure: failed program was:
| /* confdefs.h.  */
| #define PACKAGE_NAME "libedit"
| #define PACKAGE_TARNAME "libedit-20120812"
| #define PACKAGE_VERSION "3.0"
| #define PACKAGE_STRING "libedit 3.0"
| #define PACKAGE_BUGREPORT ""
| #define STDC_HEADERS 1
| #define HAVE_SYS_TYPES_H 1
| #define HAVE_SYS_STAT_H 1
| #define HAVE_STDLIB_H 1
| #define HAVE_STRING_H 1
| #define HAVE_MEMORY_H 1
| #define HAVE_STRINGS_H 1
| #define HAVE_INTTYPES_H 1
| #define HAVE_STDINT_H 1
| #define HAVE_UNISTD_H 1
| #define __EXTENSIONS__ 1
| #define _ALL_SOURCE 1
| #define _GNU_SOURCE 1
| #define _POSIX_PTHREAD_SEMANTICS 1
| #define _TANDEM_SOURCE 1
| #define PACKAGE "libedit-20120812"
| #define VERSION "3.0"
| #define HAVE_DLFCN_H 1
| #define LT_OBJDIR ".libs/"
| #define HAVE_LIBTINFO 1
| #define HAVE_DIRENT_H 1
| #define STDC_HEADERS 1
| #define HAVE_SYS_WAIT_H 1
| #define HAVE_FCNTL_H 1
| #define HAVE_LIMITS_H 1
| #define HAVE_MALLOC_H 1
| #define HAVE_STDLIB_H 1
| #define HAVE_STRING_H 1
| #define HAVE_SYS_IOCTL_H 1
| #define HAVE_SYS_PARAM_H 1
| #define HAVE_UNISTD_H 1
| #define HAVE_CURSES_H 1
| #define HAVE_NCURSES_H 1
| #define HAVE_SYS_CDEFS_H 1
| #define HAVE_TERMCAP_H 1
| #define HAVE_TERM_H 1
| #define HAVE_U_INT32_T 1
| #define HAVE_FORK 1
| #define HAVE_VFORK 1
| #define HAVE_WORKING_VFORK 1
| #define HAVE_WORKING_FORK 1
| #define RETSIGTYPE void
| #define LSTAT_FOLLOWS_SLASHED_SYMLINK 1
| #define HAVE_ENDPWENT 1
| #define HAVE_ISASCII 1
| #define HAVE_MEMCHR 1
| #define HAVE_MEMSET 1
| #define HAVE_RE_COMP 1
| #define HAVE_REGCOMP 1
| #define HAVE_STRCASECMP 1
| #define HAVE_STRCHR 1
| #define HAVE_STRCSPN 1
| #define HAVE_STRDUP 1
| #define HAVE_STRERROR 1
| #define HAVE_STRRCHR 1
| #define HAVE_STRSTR 1
| #define HAVE_STRTOL 1
| #define HAVE_WCSDUP 1
| /* end confdefs.h.  */
| /* Define vis to an innocuous variant, in case <limits.h> declares vis.
|    For example, HP-UX 11i <limits.h> declares gettimeofday.  */
| #define vis innocuous_vis
| 
| /* System header to define __stub macros and hopefully few prototypes,
|     which can conflict with char vis (); below.
|     Prefer <limits.h> to <assert.h> if __STDC__ is defined, since
|     <limits.h> exists even on freestanding compilers.  */
| 
| #ifdef __STDC__
| # include <limits.h>
| #else
| # include <assert.h>
| #endif
| 
| #undef vis
| 
| /* Override any GCC internal prototype to avoid an error.
|    Use char because int might match the return type of a GCC
|    builtin and then its argument prototype would still apply.  */
| #ifdef __cplusplus
| extern "C"
| #endif
| char vis ();
| /* The GNU C library defines this for functions which it implements
|     to always fail with ENOSYS.  Some functions are actually named
|     something starting with __ and the normal name is an alias.  */
| #if defined __stub_vis || defined __stub___vis
| choke me
| #endif
| 
| int
| main ()
| {
| return vis ();
|   ;
|   return 0;
| }
configure:15430: result: no
configure:15345: checking for strvis
configure:15401: gcc -std=gnu99 -o conftest -g -O2   conftest.c -ltinfo  >&5
/tmp/cchLyMMq.o: In function `main':
/build/common/open3dqsar/open3dqsar_svn/libedit-20120601-3.0/conftest.c:100: undefined reference to `strvis'
collect2: ld returned 1 exit status
configure:15408: $? = 1
configure: failed program was:
| /* confdefs.h.  */
| #define PACKAGE_NAME "libedit"
| #define PACKAGE_TARNAME "libedit-20120812"
| #define PACKAGE_VERSION "3.0"
| #define PACKAGE_STRING "libedit 3.0"
| #define PACKAGE_BUGREPORT ""
| #define STDC_HEADERS 1
| #define HAVE_SYS_TYPES_H 1
| #define HAVE_SYS_STAT_H 1
| #define HAVE_STDLIB_H 1
| #define HAVE_STRING_H 1
| #define HAVE_MEMORY_H 1
| #define HAVE_STRINGS_H 1
| #define HAVE_INTTYPES_H 1
| #define HAVE_STDINT_H 1
| #define HAVE_UNISTD_H 1
| #define __EXTENSIONS__ 1
| #define _ALL_SOURCE 1
| #define _GNU_SOURCE 1
| #define _POSIX_PTHREAD_SEMANTICS 1
| #define _TANDEM_SOURCE 1
| #define PACKAGE "libedit-20120812"
| #define VERSION "3.0"
| #define HAVE_DLFCN_H 1
| #define LT_OBJDIR ".libs/"
| #define HAVE_LIBTINFO 1
| #define HAVE_DIRENT_H 1
| #define STDC_HEADERS 1
| #define HAVE_SYS_WAIT_H 1
| #define HAVE_FCNTL_H 1
| #define HAVE_LIMITS_H 1
| #define HAVE_MALLOC_H 1
| #define HAVE_STDLIB_H 1
| #define HAVE_STRING_H 1
| #define HAVE_SYS_IOCTL_H 1
| #define HAVE_SYS_PARAM_H 1
| #define HAVE_UNISTD_H 1
| #define HAVE_CURSES_H 1
| #define HAVE_NCURSES_H 1
| #define HAVE_SYS_CDEFS_H 1
| #define HAVE_TERMCAP_H 1
| #define HAVE_TERM_H 1
| #define HAVE_U_INT32_T 1
| #define HAVE_FORK 1
| #define HAVE_VFORK 1
| #define HAVE_WORKING_VFORK 1
| #define HAVE_WORKING_FORK 1
| #define RETSIGTYPE void
| #define LSTAT_FOLLOWS_SLASHED_SYMLINK 1
| #define HAVE_ENDPWENT 1
| #define HAVE_ISASCII 1
| #define HAVE_MEMCHR 1
| #define HAVE_MEMSET 1
| #define HAVE_RE_COMP 1
| #define HAVE_REGCOMP 1
| #define HAVE_STRCASECMP 1
| #define HAVE_STRCHR 1
| #define HAVE_STRCSPN 1
| #define HAVE_STRDUP 1
| #define HAVE_STRERROR 1
| #define HAVE_STRRCHR 1
| #define HAVE_STRSTR 1
| #define HAVE_STRTOL 1
| #define HAVE_WCSDUP 1
| /* end confdefs.h.  */
| /* Define strvis to an innocuous variant, in case <limits.h> declares strvis.
|    For example, HP-UX 11i <limits.h> declares gettimeofday.  */
| #define strvis innocuous_strvis
| 
| /* System header to define __stub macros and hopefully few prototypes,
|     which can conflict with char strvis (); below.
|     Prefer <limits.h> to <assert.h> if __STDC__ is defined, since
|     <limits.h> exists even on freestanding compilers.  */
| 
| #ifdef __STDC__
| # include <limits.h>
| #else
| # include <assert.h>
| #endif
| 
| #undef strvis
| 
| /* Override any GCC internal prototype to avoid an error.
|    Use char because int might match the return type of a GCC
|    builtin and then its argument prototype would still apply.  */
| #ifdef __cplusplus
| extern "C"
| #endif
| char strvis ();
| /* The GNU C library defines this for functions which it implements
|     to always fail with ENOSYS.  Some functions are actually named
|     something starting with __ and the normal name is an alias.  */
| #if defined __stub_strvis || defined __stub___strvis
| choke me
| #endif
| 
| int
| main ()
| {
| return strvis ();
|   ;
|   return 0;
| }
configure:15430: result: no
configure:15345: checking for strunvis
configure:15401: gcc -std=gnu99 -o conftest -g -O2   conftest.c -ltinfo  >&5
/tmp/ccZ3ebxv.o: In function `main':
/build/common/open3dqsar/open3dqsar_svn/libedit-20120601-3.0/conftest.c:100: undefined reference to `strunvis'
collect2: ld returned 1 exit status
configure:15408: $? = 1
configure: failed program was:
| /* confdefs.h.  */
| #define PACKAGE_NAME "libedit"
| #define PACKAGE_TARNAME "libedit-20120812"
| #define PACKAGE_VERSION "3.0"
| #define PACKAGE_STRING "libedit 3.0"
| #define PACKAGE_BUGREPORT ""
| #define STDC_HEADERS 1
| #define HAVE_SYS_TYPES_H 1
| #define HAVE_SYS_STAT_H 1
| #define HAVE_STDLIB_H 1
| #define HAVE_STRING_H 1
| #define HAVE_MEMORY_H 1
| #define HAVE_STRINGS_H 1
| #define HAVE_INTTYPES_H 1
| #define HAVE_STDINT_H 1
| #define HAVE_UNISTD_H 1
| #define __EXTENSIONS__ 1
| #define _ALL_SOURCE 1
| #define _GNU_SOURCE 1
| #define _POSIX_PTHREAD_SEMANTICS 1
| #define _TANDEM_SOURCE 1
| #define PACKAGE "libedit-20120812"
| #define VERSION "3.0"
| #define HAVE_DLFCN_H 1
| #define LT_OBJDIR ".libs/"
| #define HAVE_LIBTINFO 1
| #define HAVE_DIRENT_H 1
| #define STDC_HEADERS 1
| #define HAVE_SYS_WAIT_H 1
| #define HAVE_FCNTL_H 1
| #define HAVE_LIMITS_H 1
| #define HAVE_MALLOC_H 1
| #define HAVE_STDLIB_H 1
| #define HAVE_STRING_H 1
| #define HAVE_SYS_IOCTL_H 1
| #define HAVE_SYS_PARAM_H 1
| #define HAVE_UNISTD_H 1
| #define HAVE_CURSES_H 1
| #define HAVE_NCURSES_H 1
| #define HAVE_SYS_CDEFS_H 1
| #define HAVE_TERMCAP_H 1
| #define HAVE_TERM_H 1
| #define HAVE_U_INT32_T 1
| #define HAVE_FORK 1
| #define HAVE_VFORK 1
| #define HAVE_WORKING_VFORK 1
| #define HAVE_WORKING_FORK 1
| #define RETSIGTYPE void
| #define LSTAT_FOLLOWS_SLASHED_SYMLINK 1
| #define HAVE_ENDPWENT 1
| #define HAVE_ISASCII 1
| #define HAVE_MEMCHR 1
| #define HAVE_MEMSET 1
| #define HAVE_RE_COMP 1
| #define HAVE_REGCOMP 1
| #define HAVE_STRCASECMP 1
| #define HAVE_STRCHR 1
| #define HAVE_STRCSPN 1
| #define HAVE_STRDUP 1
| #define HAVE_STRERROR 1
| #define HAVE_STRRCHR 1
| #define HAVE_STRSTR 1
| #define HAVE_STRTOL 1
| #define HAVE_WCSDUP 1
| /* end confdefs.h.  */
| /* Define strunvis to an innocuous variant, in case <limits.h> declares strunvis.
|    For example, HP-UX 11i <limits.h> declares gettimeofday.  */
| #define strunvis innocuous_strunvis
| 
| /* System header to define __stub macros and hopefully few prototypes,
|     which can conflict with char strunvis (); below.
|     Prefer <limits.h> to <assert.h> if __STDC__ is defined, since
|     <limits.h> exists even on freestanding compilers.  */
| 
| #ifdef __STDC__
| # include <limits.h>
| #else
| # include <assert.h>
| #endif
| 
| #undef strunvis
| 
| /* Override any GCC internal prototype to avoid an error.
|    Use char because int might match the return type of a GCC
|    builtin and then its argument prototype would still apply.  */
| #ifdef __cplusplus
| extern "C"
| #endif
| char strunvis ();
| /* The GNU C library defines this for functions which it implements
|     to always fail with ENOSYS.  Some functions are actually named
|     something starting with __ and the normal name is an alias.  */
| #if defined __stub_strunvis || defined __stub___strunvis
| choke me
| #endif
| 
| int
| main ()
| {
| return strunvis ();
|   ;
|   return 0;
| }
configure:15430: result: no
configure:15443: checking whether getpwnam_r and getpwuid_r are posix like
configure:15472: gcc -std=gnu99 -o conftest -g -O2   conftest.c -ltinfo  >&5
configure:15479: $? = 0
configure:15492: result: yes
configure:15507: checking whether getpwnam_r and getpwuid_r are posix _draft_ like
configure:15536: gcc -std=gnu99 -o conftest -g -O2   conftest.c -ltinfo  >&5
conftest.c: In function 'main':
conftest.c:73: error: too few arguments to function 'getpwnam_r'
conftest.c:74: error: too few arguments to function 'getpwuid_r'
configure:15543: $? = 1
configure: failed program was:
| /* confdefs.h.  */
| #define PACKAGE_NAME "libedit"
| #define PACKAGE_TARNAME "libedit-20120812"
| #define PACKAGE_VERSION "3.0"
| #define PACKAGE_STRING "libedit 3.0"
| #define PACKAGE_BUGREPORT ""
| #define STDC_HEADERS 1
| #define HAVE_SYS_TYPES_H 1
| #define HAVE_SYS_STAT_H 1
| #define HAVE_STDLIB_H 1
| #define HAVE_STRING_H 1
| #define HAVE_MEMORY_H 1
| #define HAVE_STRINGS_H 1
| #define HAVE_INTTYPES_H 1
| #define HAVE_STDINT_H 1
| #define HAVE_UNISTD_H 1
| #define __EXTENSIONS__ 1
| #define _ALL_SOURCE 1
| #define _GNU_SOURCE 1
| #define _POSIX_PTHREAD_SEMANTICS 1
| #define _TANDEM_SOURCE 1
| #define PACKAGE "libedit-20120812"
| #define VERSION "3.0"
| #define HAVE_DLFCN_H 1
| #define LT_OBJDIR ".libs/"
| #define HAVE_LIBTINFO 1
| #define HAVE_DIRENT_H 1
| #define STDC_HEADERS 1
| #define HAVE_SYS_WAIT_H 1
| #define HAVE_FCNTL_H 1
| #define HAVE_LIMITS_H 1
| #define HAVE_MALLOC_H 1
| #define HAVE_STDLIB_H 1
| #define HAVE_STRING_H 1
| #define HAVE_SYS_IOCTL_H 1
| #define HAVE_SYS_PARAM_H 1
| #define HAVE_UNISTD_H 1
| #define HAVE_CURSES_H 1
| #define HAVE_NCURSES_H 1
| #define HAVE_SYS_CDEFS_H 1
| #define HAVE_TERMCAP_H 1
| #define HAVE_TERM_H 1
| #define HAVE_U_INT32_T 1
| #define HAVE_FORK 1
| #define HAVE_VFORK 1
| #define HAVE_WORKING_VFORK 1
| #define HAVE_WORKING_FORK 1
| #define RETSIGTYPE void
| #define LSTAT_FOLLOWS_SLASHED_SYMLINK 1
| #define HAVE_ENDPWENT 1
| #define HAVE_ISASCII 1
| #define HAVE_MEMCHR 1
| #define HAVE_MEMSET 1
| #define HAVE_RE_COMP 1
| #define HAVE_REGCOMP 1
| #define HAVE_STRCASECMP 1
| #define HAVE_STRCHR 1
| #define HAVE_STRCSPN 1
| #define HAVE_STRDUP 1
| #define HAVE_STRERROR 1
| #define HAVE_STRRCHR 1
| #define HAVE_STRSTR 1
| #define HAVE_STRTOL 1
| #define HAVE_WCSDUP 1
| #define HAVE_GETPW_R_POSIX 1
| /* end confdefs.h.  */
| #include <stdlib.h>
|                 #include <sys/types.h>
|                 #include <pwd.h>
| int
| main ()
| {
| getpwnam_r(NULL, NULL, NULL, (size_t)0);
|                 getpwuid_r((uid_t)0, NULL, NULL, (size_t)0);
|   ;
|   return 0;
| }
configure:15562: result: no
configure:15674: checking that generated files are newer than configure
configure:15680: result: done
configure:15716: creating ./config.status

## ---------------------- ##
## Running config.status. ##
## ---------------------- ##

This file was extended by libedit config.status 3.0, which was
generated by GNU Autoconf 2.63.  Invocation command line was

  CONFIG_FILES    = 
  CONFIG_HEADERS  = 
  CONFIG_LINKS    = 
  CONFIG_COMMANDS = 
  $ ./config.status 

on pvaio

config.status:1058: creating Makefile
config.status:1058: creating libedit.pc
config.status:1058: creating src/Makefile
config.status:1058: creating doc/Makefile
config.status:1058: creating examples/Makefile
config.status:1058: creating config.h
config.status:1280: config.h is unchanged
config.status:1332: executing depfiles commands
config.status:1332: executing libtool commands

## ---------------- ##
## Cache variables. ##
## ---------------- ##

ac_cv_build=x86_64-unknown-linux-gnu
ac_cv_c_compiler_gnu=yes
ac_cv_c_const=yes
ac_cv_env_CC_set=
ac_cv_env_CC_value=
ac_cv_env_CFLAGS_set=
ac_cv_env_CFLAGS_value=
ac_cv_env_CPPFLAGS_set=
ac_cv_env_CPPFLAGS_value=
ac_cv_env_CPP_set=
ac_cv_env_CPP_value=
ac_cv_env_LDFLAGS_set=
ac_cv_env_LDFLAGS_value=
ac_cv_env_LIBS_set=
ac_cv_env_LIBS_value=
ac_cv_env_build_alias_set=
ac_cv_env_build_alias_value=
ac_cv_env_host_alias_set=
ac_cv_env_host_alias_value=
ac_cv_env_target_alias_set=
ac_cv_env_target_alias_value=
ac_cv_func_closedir_void=no
ac_cv_func_endpwent=yes
ac_cv_func_fgetln=no
ac_cv_func_fork=yes
ac_cv_func_fork_works=yes
ac_cv_func_isascii=yes
ac_cv_func_issetugid=no
ac_cv_func_lstat_dereferences_slashed_symlink=yes
ac_cv_func_memchr=yes
ac_cv_func_memset=yes
ac_cv_func_re_comp=yes
ac_cv_func_regcomp=yes
ac_cv_func_stat_empty_string_bug=no
ac_cv_func_strcasecmp=yes
ac_cv_func_strchr=yes
ac_cv_func_strcspn=yes
ac_cv_func_strdup=yes
ac_cv_func_strerror=yes
ac_cv_func_strlcat=no
ac_cv_func_strlcpy=no
ac_cv_func_strrchr=yes
ac_cv_func_strstr=yes
ac_cv_func_strtol=yes
ac_cv_func_strunvis=no
ac_cv_func_strvis=no
ac_cv_func_vfork=yes
ac_cv_func_vfork_works=yes
ac_cv_func_vis=no
ac_cv_func_wcsdup=yes
ac_cv_header_curses_h=yes
ac_cv_header_dirent_dirent_h=yes
ac_cv_header_dlfcn_h=yes
ac_cv_header_fcntl_h=yes
ac_cv_header_inttypes_h=yes
ac_cv_header_limits_h=yes
ac_cv_header_malloc_h=yes
ac_cv_header_memory_h=yes
ac_cv_header_minix_config_h=no
ac_cv_header_ncurses_h=yes
ac_cv_header_stdc=yes
ac_cv_header_stdint_h=yes
ac_cv_header_stdlib_h=yes
ac_cv_header_string_h=yes
ac_cv_header_strings_h=yes
ac_cv_header_sys_cdefs_h=yes
ac_cv_header_sys_ioctl_h=yes
ac_cv_header_sys_param_h=yes
ac_cv_header_sys_stat_h=yes
ac_cv_header_sys_types_h=yes
ac_cv_header_sys_wait_h=yes
ac_cv_header_term_h=yes
ac_cv_header_termcap_h=yes
ac_cv_header_termios_h=yes
ac_cv_header_unistd_h=yes
ac_cv_header_vfork_h=no
ac_cv_host=x86_64-unknown-linux-gnu
ac_cv_lib_tinfo_tgetent=yes
ac_cv_member_struct_dirent_d_namlen=no
ac_cv_objext=o
ac_cv_path_EGREP='/bin/grep -E'
ac_cv_path_FGREP='/bin/grep -F'
ac_cv_path_GREP=/bin/grep
ac_cv_path_NROFF=/usr/bin/nroff
ac_cv_path_SED=/bin/sed
ac_cv_path_install='/usr/bin/install -c'
ac_cv_path_mkdir=/bin/mkdir
ac_cv_prog_AWK=gawk
ac_cv_prog_CPP='gcc -E'
ac_cv_prog_ac_ct_AR=ar
ac_cv_prog_ac_ct_CC=gcc
ac_cv_prog_ac_ct_OBJDUMP=objdump
ac_cv_prog_ac_ct_RANLIB=ranlib
ac_cv_prog_ac_ct_STRIP=strip
ac_cv_prog_cc_c89=
ac_cv_prog_cc_c99=-std=gnu99
ac_cv_prog_cc_g=yes
ac_cv_prog_gcc_traditional=no
ac_cv_prog_make_make_set=yes
ac_cv_safe_to_define___extensions__=yes
ac_cv_search_opendir='none required'
ac_cv_type_pid_t=yes
ac_cv_type_signal=void
ac_cv_type_size_t=yes
ac_cv_type_u_int32_t=yes
am_cv_CC_dependencies_compiler_type=gcc3
am_cv_make_support_nested_variables=yes
lt_cv_ar_at_file=@
lt_cv_deplibs_check_method=pass_all
lt_cv_file_magic_cmd='$MAGIC_CMD'
lt_cv_file_magic_test_file=
lt_cv_ld_reload_flag=-r
lt_cv_nm_interface='BSD nm'
lt_cv_objdir=.libs
lt_cv_path_LD=/usr/bin/ld
lt_cv_path_NM='/usr/bin/nm -B'
lt_cv_path_mainfest_tool=no
lt_cv_prog_compiler_c_o=yes
lt_cv_prog_compiler_pic='-fPIC -DPIC'
lt_cv_prog_compiler_pic_works=yes
lt_cv_prog_compiler_rtti_exceptions=no
lt_cv_prog_compiler_static_works=yes
lt_cv_prog_gnu_ld=yes
lt_cv_sharedlib_from_linklib_cmd='printf %s\n'
lt_cv_shlibpath_overrides_runpath=no
lt_cv_sys_global_symbol_pipe='sed -n -e '\''s/^.*[	 ]\([ABCDGIRSTW][ABCDGIRSTW]*\)[	 ][	 ]*\([_A-Za-z][_A-Za-z0-9]*\)$/\1 \2 \2/p'\'' | sed '\''/ __gnu_lto/d'\'''
lt_cv_sys_global_symbol_to_c_name_address='sed -n -e '\''s/^: \([^ ]*\)[ ]*$/  {\"\1\", (void *) 0},/p'\'' -e '\''s/^[ABCDGIRSTW]* \([^ ]*\) \([^ ]*\)$/  {"\2", (void *) \&\2},/p'\'''
lt_cv_sys_global_symbol_to_c_name_address_lib_prefix='sed -n -e '\''s/^: \([^ ]*\)[ ]*$/  {\"\1\", (void *) 0},/p'\'' -e '\''s/^[ABCDGIRSTW]* \([^ ]*\) \(lib[^ ]*\)$/  {"\2", (void *) \&\2},/p'\'' -e '\''s/^[ABCDGIRSTW]* \([^ ]*\) \([^ ]*\)$/  {"lib\2", (void *) \&\2},/p'\'''
lt_cv_sys_global_symbol_to_cdecl='sed -n -e '\''s/^T .* \(.*\)$/extern int \1();/p'\'' -e '\''s/^[ABCDGIRSTW]* .* \(.*\)$/extern char \1;/p'\'''
lt_cv_sys_max_cmd_len=1966080
lt_cv_to_host_file_cmd=func_convert_file_noop
lt_cv_to_tool_file_cmd=func_convert_file_noop

## ----------------- ##
## Output variables. ##
## ----------------- ##

ACLOCAL='${SHELL} /build/common/open3dqsar/open3dqsar_svn/libedit-20120601-3.0/missing --run aclocal-1.12'
AMDEPBACKSLASH='\'
AMDEP_FALSE='#'
AMDEP_TRUE=''
AMTAR='$${TAR-tar}'
AM_BACKSLASH='\'
AM_DEFAULT_V='$(AM_DEFAULT_VERBOSITY)'
AM_DEFAULT_VERBOSITY='0'
AM_V='$(V)'
AR='ar'
AUTOCONF='${SHELL} /build/common/open3dqsar/open3dqsar_svn/libedit-20120601-3.0/missing --run autoconf'
AUTOHEADER='${SHELL} /build/common/open3dqsar/open3dqsar_svn/libedit-20120601-3.0/missing --run autoheader'
AUTOMAKE='${SHELL} /build/common/open3dqsar/open3dqsar_svn/libedit-20120601-3.0/missing --run automake-1.12'
AWK='gawk'
CC='gcc -std=gnu99'
CCDEPMODE='depmode=gcc3'
CFLAGS='-g -O2'
CPP='gcc -E'
CPPFLAGS=''
CYGPATH_W='echo'
DEFS='-DHAVE_CONFIG_H'
DEPDIR='.deps'
DLLTOOL='false'
DSYMUTIL=''
DUMPBIN=''
ECHO_C=''
ECHO_N='-n'
ECHO_T=''
EGREP='/bin/grep -E'
EXEEXT=''
FGREP='/bin/grep -F'
GREP='/bin/grep'
INSTALL_DATA='${INSTALL} -m 644'
INSTALL_PROGRAM='${INSTALL}'
INSTALL_SCRIPT='${INSTALL}'
INSTALL_STRIP_PROGRAM='$(install_sh) -c -s'
LD='/usr/bin/ld -m elf_x86_64'
LDFLAGS=''
LIBOBJS=''
LIBS='-ltinfo '
LIBTOOL='$(SHELL) $(top_builddir)/libtool'
LIPO=''
LN_S='ln -s'
LTLIBOBJS=''
LT_VERSION='0:41:0'
MAKEINFO='${SHELL} /build/common/open3dqsar/open3dqsar_svn/libedit-20120601-3.0/missing --run makeinfo'
MANIFEST_TOOL=':'
MANTYPE='mdoc'
MKDIR_P='/bin/mkdir -p'
NM='/usr/bin/nm -B'
NMEDIT=''
NROFF='/usr/bin/nroff'
OBJDUMP='objdump'
OBJEXT='o'
OTOOL64=''
OTOOL=''
PACKAGE='libedit-20120812'
PACKAGE_BUGREPORT=''
PACKAGE_NAME='libedit'
PACKAGE_STRING='libedit 3.0'
PACKAGE_TARNAME='libedit-20120812'
PACKAGE_VERSION='3.0'
PATH_SEPARATOR=':'
RANLIB='ranlib'
SED='/bin/sed'
SET_MAKE=''
SHELL='/bin/sh'
STRIP='strip'
VERSION='3.0'
WIDECHAR_FALSE=''
WIDECHAR_TRUE='#'
ac_ct_AR='ar'
ac_ct_CC='gcc'
ac_ct_DUMPBIN=''
am__EXEEXT_FALSE=''
am__EXEEXT_TRUE='#'
am__fastdepCC_FALSE='#'
am__fastdepCC_TRUE=''
am__include='include'
am__isrc=''
am__leading_dot='.'
am__nodep='_no'
am__quote=''
am__tar='$${TAR-tar} chof - "$$tardir"'
am__untar='$${TAR-tar} xf -'
bindir='${exec_prefix}/bin'
build='x86_64-unknown-linux-gnu'
build_alias=''
build_cpu='x86_64'
build_os='linux-gnu'
build_vendor='unknown'
datadir='${datarootdir}'
datarootdir='${prefix}/share'
docdir='${datarootdir}/doc/${PACKAGE_TARNAME}'
dvidir='${docdir}'
exec_prefix='${prefix}'
host='x86_64-unknown-linux-gnu'
host_alias=''
host_cpu='x86_64'
host_os='linux-gnu'
host_vendor='unknown'
htmldir='${docdir}'
includedir='${prefix}/include'
infodir='${datarootdir}/info'
install_sh='${SHELL} /build/common/open3dqsar/open3dqsar_svn/libedit-20120601-3.0/install-sh'
libdir='/build/lib64'
libexecdir='${exec_prefix}/libexec'
localedir='${datarootdir}/locale'
localstatedir='${prefix}/var'
mandir='${datarootdir}/man'
mkdir_p='/bin/mkdir -p'
oldincludedir='/usr/include'
pdfdir='${docdir}'
prefix='/build'
program_transform_name='s,x,x,'
psdir='${docdir}'
sbindir='${exec_prefix}/sbin'
sharedstatedir='${prefix}/com'
sysconfdir='${prefix}/etc'
target_alias=''

## ----------- ##
## confdefs.h. ##
## ----------- ##

#define PACKAGE_NAME "libedit"
#define PACKAGE_TARNAME "libedit-20120812"
#define PACKAGE_VERSION "3.0"
#define PACKAGE_STRING "libedit 3.0"
#define PACKAGE_BUGREPORT ""
#define STDC_HEADERS 1
#define HAVE_SYS_TYPES_H 1
#define HAVE_SYS_STAT_H 1
#define HAVE_STDLIB_H 1
#define HAVE_STRING_H 1
#define HAVE_MEMORY_H 1
#define HAVE_STRINGS_H 1
#define HAVE_INTTYPES_H 1
#define HAVE_STDINT_H 1
#define HAVE_UNISTD_H 1
#define __EXTENSIONS__ 1
#define _ALL_SOURCE 1
#define _GNU_SOURCE 1
#define _POSIX_PTHREAD_SEMANTICS 1
#define _TANDEM_SOURCE 1
#define PACKAGE "libedit-20120812"
#define VERSION "3.0"
#define HAVE_DLFCN_H 1
#define LT_OBJDIR ".libs/"
#define HAVE_LIBTINFO 1
#define HAVE_DIRENT_H 1
#define STDC_HEADERS 1
#define HAVE_SYS_WAIT_H 1
#define HAVE_FCNTL_H 1
#define HAVE_LIMITS_H 1
#define HAVE_MALLOC_H 1
#define HAVE_STDLIB_H 1
#define HAVE_STRING_H 1
#define HAVE_SYS_IOCTL_H 1
#define HAVE_SYS_PARAM_H 1
#define HAVE_UNISTD_H 1
#define HAVE_CURSES_H 1
#define HAVE_NCURSES_H 1
#define HAVE_SYS_CDEFS_H 1
#define HAVE_TERMCAP_H 1
#define HAVE_TERM_H 1
#define HAVE_U_INT32_T 1
#define HAVE_FORK 1
#define HAVE_VFORK 1
#define HAVE_WORKING_VFORK 1
#define HAVE_WORKING_FORK 1
#define RETSIGTYPE void
#define LSTAT_FOLLOWS_SLASHED_SYMLINK 1
#define HAVE_ENDPWENT 1
#define HAVE_ISASCII 1
#define HAVE_MEMCHR 1
#define HAVE_MEMSET 1
#define HAVE_RE_COMP 1
#define HAVE_REGCOMP 1
#define HAVE_STRCASECMP 1
#define HAVE_STRCHR 1
#define HAVE_STRCSPN 1
#define HAVE_STRDUP 1
#define HAVE_STRERROR 1
#define HAVE_STRRCHR 1
#define HAVE_STRSTR 1
#define HAVE_STRTOL 1
#define HAVE_WCSDUP 1
#define HAVE_GETPW_R_POSIX 1

configure: exit 0

## ---------------------- ##
## Running config.status. ##
## ---------------------- ##

This file was extended by libedit config.status 3.0, which was
generated by GNU Autoconf 2.63.  Invocation command line was

  CONFIG_FILES    = 
  CONFIG_HEADERS  = 
  CONFIG_LINKS    = 
  CONFIG_COMMANDS = 
  $ ./config.status Makefile

on pvaio

config.status:1058: creating Makefile

## ---------------------- ##
## Running config.status. ##
## ---------------------- ##

This file was extended by libedit config.status 3.0, which was
generated by GNU Autoconf 2.63.  Invocation command line was

  CONFIG_FILES    = 
  CONFIG_HEADERS  = 
  CONFIG_LINKS    = 
  CONFIG_COMMANDS = 
  $ ./config.status config.h

on pvaio

config.status:1058: creating config.h
config.status:1280: config.h is unchanged

## ---------------------- ##
## Running config.status. ##
## ---------------------- ##

This file was extended by libedit config.status 3.0, which was
generated by GNU Autoconf 2.63.  Invocation command line was

  CONFIG_FILES    = 
  CONFIG_HEADERS  = 
  CONFIG_LINKS    = 
  CONFIG_COMMANDS = 
  $ ./config.status src/Makefile depfiles

on pvaio

config.status:1058: creating src/Makefile
config.status:1332: executing depfiles commands

## ---------------------- ##
## Running config.status. ##
## ---------------------- ##

This file was extended by libedit config.status 3.0, which was
generated by GNU Autoconf 2.63.  Invocation command line was

  CONFIG_FILES    = 
  CONFIG_HEADERS  = 
  CONFIG_LINKS    = 
  CONFIG_COMMANDS = 
  $ ./config.status examples/Makefile depfiles

on pvaio

config.status:1058: creating examples/Makefile
config.status:1332: executing depfiles commands

## ---------------------- ##
## Running config.status. ##
## ---------------------- ##

This file was extended by libedit config.status 3.0, which was
generated by GNU Autoconf 2.63.  Invocation command line was

  CONFIG_FILES    = 
  CONFIG_HEADERS  = 
  CONFIG_LINKS    = 
  CONFIG_COMMANDS = 
  $ ./config.status doc/Makefile

on pvaio

config.status:1058: creating doc/Makefile
